#
# There is insufficient memory for the Java Runtime Environment to continue.
# Native memory allocation (malloc) failed to allocate 435696 bytes for Chunk::new
# Possible reasons:
#   The system is out of physical RAM or swap space
#   The process is running with CompressedOops enabled, and the Java Heap may be blocking the growth of the native heap
# Possible solutions:
#   Reduce memory load on the system
#   Increase physical memory or swap space
#   Check if swap backing store is full
#   Decrease Java heap size (-Xmx/-Xms)
#   Decrease number of Java threads
#   Decrease Java thread stack sizes (-Xss)
#   Set larger code cache with -XX:ReservedCodeCacheSize=
#   JVM is running with Unscaled Compressed Oops mode in which the Java heap is
#     placed in the first 4GB address space. The Java Heap base address is the
#     maximum limit for the native heap growth. Please use -XX:HeapBaseMinAddress
#     to set the Java Heap base and to place the Java Heap above 4GB virtual address.
# This output file may be truncated or incomplete.
#
#  Out of Memory Error (arena.cpp:189), pid=3188, tid=11224
#
# JRE version: OpenJDK Runtime Environment Temurin-17.0.2+8 (17.0.2+8) (build 17.0.2+8)
# Java VM: OpenJDK 64-Bit Server VM Temurin-17.0.2+8 (17.0.2+8, mixed mode, tiered, compressed oops, compressed class ptrs, g1 gc, windows-amd64)
# No core dump will be written. Minidumps are not enabled by default on client versions of Windows
#

---------------  S U M M A R Y ------------

Command Line: -Dfile.encoding=UTF-8 -XX:+ShowCodeDetailsInExceptionMessages basic.ProjetspringgApplication

Host: Intel(R) Core(TM) i5-4300U CPU @ 1.90GHz, 4 cores, 3G,  Windows 10 , 64 bit Build 19041 (10.0.19041.1645)
Time: Sun May 15 20:31:25 2022 Maroc (heure d64 bit Build 19041 (10.0.19041.1645) elapsed time: 198.249979 seconds (0d 0h 3m 18s)

---------------  T H R E A D  ---------------

Current thread (0x000001412a7f86d0):  JavaThread "C2 CompilerThread0" daemon [_thread_in_native, id=11224, stack(0x0000001bf6800000,0x0000001bf6900000)]


Current CompileTask:
C2: 198250 6422       4       java.util.TreeMap::put (8 bytes)

Stack: [0x0000001bf6800000,0x0000001bf6900000]
Native frames: (J=compiled Java code, j=interpreted, Vv=VM code, C=native code)
V  [jvm.dll+0x67564a]
V  [jvm.dll+0x82fc04]
V  [jvm.dll+0x8313ae]
V  [jvm.dll+0x831a13]
V  [jvm.dll+0x245235]
V  [jvm.dll+0xabd7b]
V  [jvm.dll+0xac30c]
V  [jvm.dll+0x2ac33f]
V  [jvm.dll+0x57c559]
V  [jvm.dll+0x2202ed]
V  [jvm.dll+0x21978f]
V  [jvm.dll+0x2173eb]
V  [jvm.dll+0x1a3a8d]
V  [jvm.dll+0x226ef8]
V  [jvm.dll+0x22503c]
V  [jvm.dll+0x7e596b]
V  [jvm.dll+0x7dff2a]
V  [jvm.dll+0x6744d5]
C  [ucrtbase.dll+0x21bb2]
C  [KERNEL32.DLL+0x17034]
C  [ntdll.dll+0x52651]


---------------  P R O C E S S  ---------------

Threads class SMR info:
_java_thread_list=0x000001412cc63400, length=29, elements={
0x000001412a791a70, 0x000001412a792620, 0x000001412a79e6a0, 0x000001412a79f050,
0x000001412a79fa00, 0x000001412a7f5530, 0x000001412a7f86d0, 0x000001412a7fa180,
0x000001412a80cb60, 0x000001412b564b60, 0x000001412b578ce0, 0x000001412bc298e0,
0x000001412f195020, 0x000001412d42ac80, 0x000001412bc253f0, 0x000001412efdc020,
0x00000141309a8ef0, 0x00000141309a93c0, 0x00000141309a8080, 0x00000141309a8550,
0x00000141309a8a20, 0x0000014130da2af0, 0x0000014130da0940, 0x0000014130da0e10,
0x0000014130da12e0, 0x0000014130da17b0, 0x0000014130da1c80, 0x0000014130da2150,
0x0000014130da2620
}

Java Threads: ( => current thread )
  0x000001412a791a70 JavaThread "Reference Handler" daemon [_thread_blocked, id=2256, stack(0x0000001bf6200000,0x0000001bf6300000)]
  0x000001412a792620 JavaThread "Finalizer" daemon [_thread_blocked, id=10300, stack(0x0000001bf6300000,0x0000001bf6400000)]
  0x000001412a79e6a0 JavaThread "Signal Dispatcher" daemon [_thread_blocked, id=7616, stack(0x0000001bf6400000,0x0000001bf6500000)]
  0x000001412a79f050 JavaThread "Attach Listener" daemon [_thread_blocked, id=2884, stack(0x0000001bf6500000,0x0000001bf6600000)]
  0x000001412a79fa00 JavaThread "Service Thread" daemon [_thread_blocked, id=17084, stack(0x0000001bf6600000,0x0000001bf6700000)]
  0x000001412a7f5530 JavaThread "Monitor Deflation Thread" daemon [_thread_blocked, id=16488, stack(0x0000001bf6700000,0x0000001bf6800000)]
=>0x000001412a7f86d0 JavaThread "C2 CompilerThread0" daemon [_thread_in_native, id=11224, stack(0x0000001bf6800000,0x0000001bf6900000)]
  0x000001412a7fa180 JavaThread "C1 CompilerThread0" daemon [_thread_blocked, id=8168, stack(0x0000001bf6900000,0x0000001bf6a00000)]
  0x000001412a80cb60 JavaThread "Sweeper thread" daemon [_thread_blocked, id=4480, stack(0x0000001bf6a00000,0x0000001bf6b00000)]
  0x000001412b564b60 JavaThread "Notification Thread" daemon [_thread_blocked, id=10092, stack(0x0000001bf6b00000,0x0000001bf6c00000)]
  0x000001412b578ce0 JavaThread "Common-Cleaner" daemon [_thread_blocked, id=9472, stack(0x0000001bf6d00000,0x0000001bf6e00000)]
  0x000001412bc298e0 JavaThread "Catalina-utility-1" [_thread_blocked, id=704, stack(0x0000001bf7300000,0x0000001bf7400000)]
  0x000001412f195020 JavaThread "Catalina-utility-2" [_thread_blocked, id=9888, stack(0x0000001bf7400000,0x0000001bf7500000)]
  0x000001412d42ac80 JavaThread "container-0" [_thread_blocked, id=228, stack(0x0000001bf7500000,0x0000001bf7600000)]
  0x000001412bc253f0 JavaThread "mysql-cj-abandoned-connection-cleanup" daemon [_thread_blocked, id=6628, stack(0x0000001bf7600000,0x0000001bf7700000)]
  0x000001412efdc020 JavaThread "HikariPool-1 housekeeper" daemon [_thread_blocked, id=1104, stack(0x0000001bf6e00000,0x0000001bf6f00000)]
  0x00000141309a8ef0 JavaThread "http-nio-8085-exec-1" daemon [_thread_blocked, id=14620, stack(0x0000001bf7900000,0x0000001bf7a00000)]
  0x00000141309a93c0 JavaThread "http-nio-8085-exec-2" daemon [_thread_blocked, id=1868, stack(0x0000001bf7a00000,0x0000001bf7b00000)]
  0x00000141309a8080 JavaThread "http-nio-8085-exec-3" daemon [_thread_blocked, id=11476, stack(0x0000001bf7b00000,0x0000001bf7c00000)]
  0x00000141309a8550 JavaThread "http-nio-8085-exec-4" daemon [_thread_blocked, id=13500, stack(0x0000001bf7c00000,0x0000001bf7d00000)]
  0x00000141309a8a20 JavaThread "http-nio-8085-exec-5" daemon [_thread_blocked, id=9716, stack(0x0000001bf7d00000,0x0000001bf7e00000)]
  0x0000014130da2af0 JavaThread "http-nio-8085-exec-6" daemon [_thread_blocked, id=9184, stack(0x0000001bf7e00000,0x0000001bf7f00000)]
  0x0000014130da0940 JavaThread "http-nio-8085-exec-7" daemon [_thread_blocked, id=16756, stack(0x0000001bf7f00000,0x0000001bf8000000)]
  0x0000014130da0e10 JavaThread "http-nio-8085-exec-8" daemon [_thread_blocked, id=12816, stack(0x0000001bf8000000,0x0000001bf8100000)]
  0x0000014130da12e0 JavaThread "http-nio-8085-exec-9" daemon [_thread_blocked, id=14484, stack(0x0000001bf8100000,0x0000001bf8200000)]
  0x0000014130da17b0 JavaThread "http-nio-8085-exec-10" daemon [_thread_blocked, id=13676, stack(0x0000001bf8200000,0x0000001bf8300000)]
  0x0000014130da1c80 JavaThread "http-nio-8085-Poller" daemon [_thread_in_native, id=8236, stack(0x0000001bf8300000,0x0000001bf8400000)]
  0x0000014130da2150 JavaThread "http-nio-8085-Acceptor" daemon [_thread_in_native, id=3192, stack(0x0000001bf8400000,0x0000001bf8500000)]
  0x0000014130da2620 JavaThread "DestroyJavaVM" [_thread_blocked, id=9204, stack(0x0000001bf5b00000,0x0000001bf5c00000)]

Other Threads:
  0x000001412a7b87d0 VMThread "VM Thread" [stack: 0x0000001bf6100000,0x0000001bf6200000] [id=9920]
  0x000001412b571060 WatcherThread [stack: 0x0000001bf6c00000,0x0000001bf6d00000] [id=14768]
  0x00000141117f3a10 GCTaskThread "GC Thread#0" [stack: 0x0000001bf5c00000,0x0000001bf5d00000] [id=6732]
  0x000001412bffe140 GCTaskThread "GC Thread#1" [stack: 0x0000001bf6f00000,0x0000001bf7000000] [id=16056]
  0x000001412bffec10 GCTaskThread "GC Thread#2" [stack: 0x0000001bf7000000,0x0000001bf7100000] [id=9248]
  0x000001412c8350f0 GCTaskThread "GC Thread#3" [stack: 0x0000001bf7100000,0x0000001bf7200000] [id=1740]
  0x00000141117fd660 ConcurrentGCThread "G1 Main Marker" [stack: 0x0000001bf5d00000,0x0000001bf5e00000] [id=6072]
  0x00000141117ff080 ConcurrentGCThread "G1 Conc#0" [stack: 0x0000001bf5e00000,0x0000001bf5f00000] [id=14276]
  0x0000014111884330 ConcurrentGCThread "G1 Refine#0" [stack: 0x0000001bf5f00000,0x0000001bf6000000] [id=4084]
  0x000001412bbcd780 ConcurrentGCThread "G1 Refine#1" [stack: 0x0000001bf7200000,0x0000001bf7300000] [id=10400]
  0x0000014111884d50 ConcurrentGCThread "G1 Service" [stack: 0x0000001bf6000000,0x0000001bf6100000] [id=5544]

Threads with active compile tasks:
C2 CompilerThread0   198543 6422       4       java.util.TreeMap::put (8 bytes)

VM state: not at safepoint (normal execution)

VM Mutex/Monitor currently owned by a thread: None

Heap address: 0x00000000c1800000, size: 1000 MB, Compressed Oops mode: 32-bit

CDS archive(s) not mapped
Compressed class space mapped at: 0x0000000100000000-0x0000000140000000, reserved size: 1073741824
Narrow klass base: 0x0000000000000000, Narrow klass shift: 3, Narrow klass range: 0x140000000

GC Precious Log:
 CPUs: 4 total, 4 available
 Memory: 3993M
 Large Page Support: Disabled
 NUMA Support: Disabled
 Compressed Oops: Enabled (32-bit)
 Heap Region Size: 1M
 Heap Min Capacity: 8M
 Heap Initial Capacity: 64M
 Heap Max Capacity: 1000M
 Pre-touch: Disabled
 Parallel Workers: 4
 Concurrent Workers: 1
 Concurrent Refinement Workers: 4
 Periodic GC: Disabled

Heap:
 garbage-first heap   total 178176K, used 104412K [0x00000000c1800000, 0x0000000100000000)
  region size 1024K, 22 young (22528K), 2 survivors (2048K)
 Metaspace       used 67914K, committed 68352K, reserved 1114112K
  class space    used 8642K, committed 8832K, reserved 1048576K

Heap Regions: E=young(eden), S=young(survivor), O=old, HS=humongous(starts), HC=humongous(continues), CS=collection set, F=free, OA=open archive, CA=closed archive, TAMS=top-at-mark-start (previous, next)
|   0|0x00000000c1800000, 0x00000000c1900000, 0x00000000c1900000|100%|HS|  |TAMS 0x00000000c1900000, 0x00000000c1800000| Complete 
|   1|0x00000000c1900000, 0x00000000c1a00000, 0x00000000c1a00000|100%| O|  |TAMS 0x00000000c1a00000, 0x00000000c1900000| Untracked 
|   2|0x00000000c1a00000, 0x00000000c1b00000, 0x00000000c1b00000|100%| O|  |TAMS 0x00000000c1b00000, 0x00000000c1a00000| Untracked 
|   3|0x00000000c1b00000, 0x00000000c1c00000, 0x00000000c1c00000|100%| O|  |TAMS 0x00000000c1c00000, 0x00000000c1b00000| Untracked 
|   4|0x00000000c1c00000, 0x00000000c1d00000, 0x00000000c1d00000|100%| O|  |TAMS 0x00000000c1d00000, 0x00000000c1c00000| Untracked 
|   5|0x00000000c1d00000, 0x00000000c1e00000, 0x00000000c1e00000|100%| O|  |TAMS 0x00000000c1e00000, 0x00000000c1d00000| Untracked 
|   6|0x00000000c1e00000, 0x00000000c1f00000, 0x00000000c1f00000|100%| O|  |TAMS 0x00000000c1f00000, 0x00000000c1e00000| Untracked 
|   7|0x00000000c1f00000, 0x00000000c2000000, 0x00000000c2000000|100%| O|  |TAMS 0x00000000c2000000, 0x00000000c1f00000| Untracked 
|   8|0x00000000c2000000, 0x00000000c2100000, 0x00000000c2100000|100%| O|  |TAMS 0x00000000c2100000, 0x00000000c2000000| Untracked 
|   9|0x00000000c2100000, 0x00000000c2200000, 0x00000000c2200000|100%| O|  |TAMS 0x00000000c2200000, 0x00000000c2100000| Complete 
|  10|0x00000000c2200000, 0x00000000c2300000, 0x00000000c2300000|100%| O|  |TAMS 0x00000000c2300000, 0x00000000c2200000| Untracked 
|  11|0x00000000c2300000, 0x00000000c2400000, 0x00000000c2400000|100%| O|  |TAMS 0x00000000c2400000, 0x00000000c2300000| Untracked 
|  12|0x00000000c2400000, 0x00000000c2500000, 0x00000000c2500000|100%| O|  |TAMS 0x00000000c2500000, 0x00000000c2400000| Untracked 
|  13|0x00000000c2500000, 0x00000000c2600000, 0x00000000c2600000|100%| O|  |TAMS 0x00000000c2600000, 0x00000000c2500000| Untracked 
|  14|0x00000000c2600000, 0x00000000c2700000, 0x00000000c2700000|100%| O|  |TAMS 0x00000000c2700000, 0x00000000c2600000| Untracked 
|  15|0x00000000c2700000, 0x00000000c2800000, 0x00000000c2800000|100%| O|  |TAMS 0x00000000c2800000, 0x00000000c2700000| Untracked 
|  16|0x00000000c2800000, 0x00000000c2900000, 0x00000000c2900000|100%| O|  |TAMS 0x00000000c2900000, 0x00000000c2800000| Untracked 
|  17|0x00000000c2900000, 0x00000000c2a00000, 0x00000000c2a00000|100%| O|  |TAMS 0x00000000c2a00000, 0x00000000c2900000| Untracked 
|  18|0x00000000c2a00000, 0x00000000c2b00000, 0x00000000c2b00000|100%| O|  |TAMS 0x00000000c2b00000, 0x00000000c2a00000| Untracked 
|  19|0x00000000c2b00000, 0x00000000c2c00000, 0x00000000c2c00000|100%| O|  |TAMS 0x00000000c2c00000, 0x00000000c2b00000| Untracked 
|  20|0x00000000c2c00000, 0x00000000c2d00000, 0x00000000c2d00000|100%| O|  |TAMS 0x00000000c2d00000, 0x00000000c2c00000| Untracked 
|  21|0x00000000c2d00000, 0x00000000c2e00000, 0x00000000c2e00000|100%| O|  |TAMS 0x00000000c2e00000, 0x00000000c2d00000| Untracked 
|  22|0x00000000c2e00000, 0x00000000c2f00000, 0x00000000c2f00000|100%| O|  |TAMS 0x00000000c2f00000, 0x00000000c2e00000| Untracked 
|  23|0x00000000c2f00000, 0x00000000c3000000, 0x00000000c3000000|100%|HS|  |TAMS 0x00000000c2f00000, 0x00000000c2f00000| Complete 
|  24|0x00000000c3000000, 0x00000000c3100000, 0x00000000c3100000|100%|HC|  |TAMS 0x00000000c3000000, 0x00000000c3000000| Complete 
|  25|0x00000000c3100000, 0x00000000c3200000, 0x00000000c3200000|100%|HC|  |TAMS 0x00000000c3100000, 0x00000000c3100000| Complete 
|  26|0x00000000c3200000, 0x00000000c3300000, 0x00000000c3300000|100%| O|  |TAMS 0x00000000c3300000, 0x00000000c3200000| Untracked 
|  27|0x00000000c3300000, 0x00000000c3400000, 0x00000000c3400000|100%| O|  |TAMS 0x00000000c3400000, 0x00000000c3300000| Untracked 
|  28|0x00000000c3400000, 0x00000000c3500000, 0x00000000c3500000|100%| O|  |TAMS 0x00000000c3500000, 0x00000000c3400000| Untracked 
|  29|0x00000000c3500000, 0x00000000c3600000, 0x00000000c3600000|100%|HS|  |TAMS 0x00000000c3500000, 0x00000000c3500000| Complete 
|  30|0x00000000c3600000, 0x00000000c3700000, 0x00000000c3700000|100%|HC|  |TAMS 0x00000000c3600000, 0x00000000c3600000| Complete 
|  31|0x00000000c3700000, 0x00000000c3800000, 0x00000000c3800000|100%|HS|  |TAMS 0x00000000c3700000, 0x00000000c3700000| Complete 
|  32|0x00000000c3800000, 0x00000000c3900000, 0x00000000c3900000|100%|HC|  |TAMS 0x00000000c3800000, 0x00000000c3800000| Complete 
|  33|0x00000000c3900000, 0x00000000c3a00000, 0x00000000c3a00000|100%|HS|  |TAMS 0x00000000c3900000, 0x00000000c3900000| Complete 
|  34|0x00000000c3a00000, 0x00000000c3b00000, 0x00000000c3b00000|100%|HC|  |TAMS 0x00000000c3a00000, 0x00000000c3a00000| Complete 
|  35|0x00000000c3b00000, 0x00000000c3c00000, 0x00000000c3c00000|100%|HC|  |TAMS 0x00000000c3b00000, 0x00000000c3b00000| Complete 
|  36|0x00000000c3c00000, 0x00000000c3d00000, 0x00000000c3d00000|100%|HS|  |TAMS 0x00000000c3c00000, 0x00000000c3c00000| Complete 
|  37|0x00000000c3d00000, 0x00000000c3e00000, 0x00000000c3e00000|100%|HC|  |TAMS 0x00000000c3d00000, 0x00000000c3d00000| Complete 
|  38|0x00000000c3e00000, 0x00000000c3f00000, 0x00000000c3f00000|100%|HS|  |TAMS 0x00000000c3e00000, 0x00000000c3e00000| Complete 
|  39|0x00000000c3f00000, 0x00000000c4000000, 0x00000000c4000000|100%|HC|  |TAMS 0x00000000c3f00000, 0x00000000c3f00000| Complete 
|  40|0x00000000c4000000, 0x00000000c4100000, 0x00000000c4100000|100%|HS|  |TAMS 0x00000000c4100000, 0x00000000c4000000| Complete 
|  41|0x00000000c4100000, 0x00000000c4200000, 0x00000000c4200000|100%|HC|  |TAMS 0x00000000c4200000, 0x00000000c4100000| Complete 
|  42|0x00000000c4200000, 0x00000000c4300000, 0x00000000c4300000|100%| O|  |TAMS 0x00000000c4300000, 0x00000000c4200000| Untracked 
|  43|0x00000000c4300000, 0x00000000c4400000, 0x00000000c4400000|100%|HS|  |TAMS 0x00000000c4300000, 0x00000000c4300000| Complete 
|  44|0x00000000c4400000, 0x00000000c4500000, 0x00000000c4500000|100%|HC|  |TAMS 0x00000000c4400000, 0x00000000c4400000| Complete 
|  45|0x00000000c4500000, 0x00000000c4500000, 0x00000000c4600000|  0%| F|  |TAMS 0x00000000c4500000, 0x00000000c4500000| Untracked 
|  46|0x00000000c4600000, 0x00000000c4600000, 0x00000000c4700000|  0%| F|  |TAMS 0x00000000c4600000, 0x00000000c4600000| Untracked 
|  47|0x00000000c4700000, 0x00000000c4700000, 0x00000000c4800000|  0%| F|  |TAMS 0x00000000c4700000, 0x00000000c4700000| Untracked 
|  48|0x00000000c4800000, 0x00000000c4900000, 0x00000000c4900000|100%|HS|  |TAMS 0x00000000c4800000, 0x00000000c4800000| Complete 
|  49|0x00000000c4900000, 0x00000000c4a00000, 0x00000000c4a00000|100%|HC|  |TAMS 0x00000000c4900000, 0x00000000c4900000| Complete 
|  50|0x00000000c4a00000, 0x00000000c4a00000, 0x00000000c4b00000|  0%| F|  |TAMS 0x00000000c4a00000, 0x00000000c4a00000| Untracked 
|  51|0x00000000c4b00000, 0x00000000c4b00000, 0x00000000c4c00000|  0%| F|  |TAMS 0x00000000c4b00000, 0x00000000c4b00000| Untracked 
|  52|0x00000000c4c00000, 0x00000000c4d00000, 0x00000000c4d00000|100%| O|  |TAMS 0x00000000c4d00000, 0x00000000c4c00000| Untracked 
|  53|0x00000000c4d00000, 0x00000000c4e00000, 0x00000000c4e00000|100%| O|  |TAMS 0x00000000c4e00000, 0x00000000c4d00000| Untracked 
|  54|0x00000000c4e00000, 0x00000000c4f00000, 0x00000000c4f00000|100%|HS|  |TAMS 0x00000000c4f00000, 0x00000000c4e00000| Complete 
|  55|0x00000000c4f00000, 0x00000000c5000000, 0x00000000c5000000|100%|HC|  |TAMS 0x00000000c5000000, 0x00000000c4f00000| Complete 
|  56|0x00000000c5000000, 0x00000000c5100000, 0x00000000c5100000|100%|HS|  |TAMS 0x00000000c5100000, 0x00000000c5000000| Complete 
|  57|0x00000000c5100000, 0x00000000c5200000, 0x00000000c5200000|100%|HC|  |TAMS 0x00000000c5200000, 0x00000000c5100000| Complete 
|  58|0x00000000c5200000, 0x00000000c5200000, 0x00000000c5300000|  0%| F|  |TAMS 0x00000000c5200000, 0x00000000c5200000| Untracked 
|  59|0x00000000c5300000, 0x00000000c5300000, 0x00000000c5400000|  0%| F|  |TAMS 0x00000000c5300000, 0x00000000c5300000| Untracked 
|  60|0x00000000c5400000, 0x00000000c5400000, 0x00000000c5500000|  0%| F|  |TAMS 0x00000000c5400000, 0x00000000c5400000| Untracked 
|  61|0x00000000c5500000, 0x00000000c5500000, 0x00000000c5600000|  0%| F|  |TAMS 0x00000000c5500000, 0x00000000c5500000| Untracked 
|  62|0x00000000c5600000, 0x00000000c5600000, 0x00000000c5700000|  0%| F|  |TAMS 0x00000000c5600000, 0x00000000c5600000| Untracked 
|  63|0x00000000c5700000, 0x00000000c5800000, 0x00000000c5800000|100%|HS|  |TAMS 0x00000000c5700000, 0x00000000c5700000| Complete 
|  64|0x00000000c5800000, 0x00000000c5900000, 0x00000000c5900000|100%|HC|  |TAMS 0x00000000c5800000, 0x00000000c5800000| Complete 
|  65|0x00000000c5900000, 0x00000000c5a00000, 0x00000000c5a00000|100%|HC|  |TAMS 0x00000000c5900000, 0x00000000c5900000| Complete 
|  66|0x00000000c5a00000, 0x00000000c5b00000, 0x00000000c5b00000|100%|HS|  |TAMS 0x00000000c5b00000, 0x00000000c5a00000| Complete 
|  67|0x00000000c5b00000, 0x00000000c5c00000, 0x00000000c5c00000|100%|HC|  |TAMS 0x00000000c5c00000, 0x00000000c5b00000| Complete 
|  68|0x00000000c5c00000, 0x00000000c5d00000, 0x00000000c5d00000|100%|HS|  |TAMS 0x00000000c5d00000, 0x00000000c5c00000| Complete 
|  69|0x00000000c5d00000, 0x00000000c5e00000, 0x00000000c5e00000|100%|HC|  |TAMS 0x00000000c5e00000, 0x00000000c5d00000| Complete 
|  70|0x00000000c5e00000, 0x00000000c5f00000, 0x00000000c5f00000|100%|HC|  |TAMS 0x00000000c5f00000, 0x00000000c5e00000| Complete 
|  71|0x00000000c5f00000, 0x00000000c5f00000, 0x00000000c6000000|  0%| F|  |TAMS 0x00000000c5f00000, 0x00000000c5f00000| Untracked 
|  72|0x00000000c6000000, 0x00000000c6000000, 0x00000000c6100000|  0%| F|  |TAMS 0x00000000c6000000, 0x00000000c6000000| Untracked 
|  73|0x00000000c6100000, 0x00000000c6200000, 0x00000000c6200000|100%|HS|  |TAMS 0x00000000c6200000, 0x00000000c6100000| Complete 
|  74|0x00000000c6200000, 0x00000000c6300000, 0x00000000c6300000|100%|HC|  |TAMS 0x00000000c6300000, 0x00000000c6200000| Complete 
|  75|0x00000000c6300000, 0x00000000c6400000, 0x00000000c6400000|100%| O|  |TAMS 0x00000000c6400000, 0x00000000c6300000| Untracked 
|  76|0x00000000c6400000, 0x00000000c6500000, 0x00000000c6500000|100%| O|  |TAMS 0x00000000c6500000, 0x00000000c6400000| Complete 
|  77|0x00000000c6500000, 0x00000000c6600000, 0x00000000c6600000|100%| O|  |TAMS 0x00000000c6600000, 0x00000000c6500000| Untracked 
|  78|0x00000000c6600000, 0x00000000c6700000, 0x00000000c6700000|100%| O|  |TAMS 0x00000000c6700000, 0x00000000c6600000| Untracked 
|  79|0x00000000c6700000, 0x00000000c6800000, 0x00000000c6800000|100%| O|  |TAMS 0x00000000c6800000, 0x00000000c6700000| Untracked 
|  80|0x00000000c6800000, 0x00000000c6879e00, 0x00000000c6900000| 47%| O|  |TAMS 0x00000000c6879e00, 0x00000000c6800000| Untracked 
|  81|0x00000000c6900000, 0x00000000c6a00000, 0x00000000c6a00000|100%|HS|  |TAMS 0x00000000c6900000, 0x00000000c6900000| Complete 
|  82|0x00000000c6a00000, 0x00000000c6b00000, 0x00000000c6b00000|100%|HC|  |TAMS 0x00000000c6a00000, 0x00000000c6a00000| Complete 
|  83|0x00000000c6b00000, 0x00000000c6c00000, 0x00000000c6c00000|100%|HS|  |TAMS 0x00000000c6b00000, 0x00000000c6b00000| Complete 
|  84|0x00000000c6c00000, 0x00000000c6d00000, 0x00000000c6d00000|100%|HC|  |TAMS 0x00000000c6c00000, 0x00000000c6c00000| Complete 
|  85|0x00000000c6d00000, 0x00000000c6e00000, 0x00000000c6e00000|100%|HC|  |TAMS 0x00000000c6d00000, 0x00000000c6d00000| Complete 
|  86|0x00000000c6e00000, 0x00000000c6f00000, 0x00000000c6f00000|100%|HS|  |TAMS 0x00000000c6e00000, 0x00000000c6e00000| Complete 
|  87|0x00000000c6f00000, 0x00000000c7000000, 0x00000000c7000000|100%|HC|  |TAMS 0x00000000c6f00000, 0x00000000c6f00000| Complete 
|  88|0x00000000c7000000, 0x00000000c7100000, 0x00000000c7100000|100%|HS|  |TAMS 0x00000000c7000000, 0x00000000c7000000| Complete 
|  89|0x00000000c7100000, 0x00000000c7200000, 0x00000000c7200000|100%|HC|  |TAMS 0x00000000c7100000, 0x00000000c7100000| Complete 
|  90|0x00000000c7200000, 0x00000000c7200000, 0x00000000c7300000|  0%| F|  |TAMS 0x00000000c7200000, 0x00000000c7200000| Untracked 
|  91|0x00000000c7300000, 0x00000000c7300000, 0x00000000c7400000|  0%| F|  |TAMS 0x00000000c7300000, 0x00000000c7300000| Untracked 
|  92|0x00000000c7400000, 0x00000000c7400000, 0x00000000c7500000|  0%| F|  |TAMS 0x00000000c7400000, 0x00000000c7400000| Untracked 
|  93|0x00000000c7500000, 0x00000000c7500000, 0x00000000c7600000|  0%| F|  |TAMS 0x00000000c7500000, 0x00000000c7500000| Untracked 
|  94|0x00000000c7600000, 0x00000000c7600000, 0x00000000c7700000|  0%| F|  |TAMS 0x00000000c7600000, 0x00000000c7600000| Untracked 
|  95|0x00000000c7700000, 0x00000000c7700000, 0x00000000c7800000|  0%| F|  |TAMS 0x00000000c7700000, 0x00000000c7700000| Untracked 
|  96|0x00000000c7800000, 0x00000000c7800000, 0x00000000c7900000|  0%| F|  |TAMS 0x00000000c7800000, 0x00000000c7800000| Untracked 
|  97|0x00000000c7900000, 0x00000000c7900000, 0x00000000c7a00000|  0%| F|  |TAMS 0x00000000c7900000, 0x00000000c7900000| Untracked 
|  98|0x00000000c7a00000, 0x00000000c7a00000, 0x00000000c7b00000|  0%| F|  |TAMS 0x00000000c7a00000, 0x00000000c7a00000| Untracked 
|  99|0x00000000c7b00000, 0x00000000c7b00000, 0x00000000c7c00000|  0%| F|  |TAMS 0x00000000c7b00000, 0x00000000c7b00000| Untracked 
| 100|0x00000000c7c00000, 0x00000000c7c00000, 0x00000000c7d00000|  0%| F|  |TAMS 0x00000000c7c00000, 0x00000000c7c00000| Untracked 
| 101|0x00000000c7d00000, 0x00000000c7d00000, 0x00000000c7e00000|  0%| F|  |TAMS 0x00000000c7d00000, 0x00000000c7d00000| Untracked 
| 102|0x00000000c7e00000, 0x00000000c7e00000, 0x00000000c7f00000|  0%| F|  |TAMS 0x00000000c7e00000, 0x00000000c7e00000| Untracked 
| 103|0x00000000c7f00000, 0x00000000c7f00000, 0x00000000c8000000|  0%| F|  |TAMS 0x00000000c7f00000, 0x00000000c7f00000| Untracked 
| 104|0x00000000c8000000, 0x00000000c8000000, 0x00000000c8100000|  0%| F|  |TAMS 0x00000000c8000000, 0x00000000c8000000| Untracked 
| 105|0x00000000c8100000, 0x00000000c8100000, 0x00000000c8200000|  0%| F|  |TAMS 0x00000000c8100000, 0x00000000c8100000| Untracked 
| 106|0x00000000c8200000, 0x00000000c8200000, 0x00000000c8300000|  0%| F|  |TAMS 0x00000000c8200000, 0x00000000c8200000| Untracked 
| 107|0x00000000c8300000, 0x00000000c8300000, 0x00000000c8400000|  0%| F|  |TAMS 0x00000000c8300000, 0x00000000c8300000| Untracked 
| 108|0x00000000c8400000, 0x00000000c8400000, 0x00000000c8500000|  0%| F|  |TAMS 0x00000000c8400000, 0x00000000c8400000| Untracked 
| 109|0x00000000c8500000, 0x00000000c8500000, 0x00000000c8600000|  0%| F|  |TAMS 0x00000000c8500000, 0x00000000c8500000| Untracked 
| 110|0x00000000c8600000, 0x00000000c8600000, 0x00000000c8700000|  0%| F|  |TAMS 0x00000000c8600000, 0x00000000c8600000| Untracked 
| 111|0x00000000c8700000, 0x00000000c8700000, 0x00000000c8800000|  0%| F|  |TAMS 0x00000000c8700000, 0x00000000c8700000| Untracked 
| 112|0x00000000c8800000, 0x00000000c8800000, 0x00000000c8900000|  0%| F|  |TAMS 0x00000000c8800000, 0x00000000c8800000| Untracked 
| 113|0x00000000c8900000, 0x00000000c8900000, 0x00000000c8a00000|  0%| F|  |TAMS 0x00000000c8900000, 0x00000000c8900000| Untracked 
| 114|0x00000000c8a00000, 0x00000000c8a00000, 0x00000000c8b00000|  0%| F|  |TAMS 0x00000000c8a00000, 0x00000000c8a00000| Untracked 
| 115|0x00000000c8b00000, 0x00000000c8b00000, 0x00000000c8c00000|  0%| F|  |TAMS 0x00000000c8b00000, 0x00000000c8b00000| Untracked 
| 116|0x00000000c8c00000, 0x00000000c8c00000, 0x00000000c8d00000|  0%| F|  |TAMS 0x00000000c8c00000, 0x00000000c8c00000| Untracked 
| 117|0x00000000c8d00000, 0x00000000c8d00000, 0x00000000c8e00000|  0%| F|  |TAMS 0x00000000c8d00000, 0x00000000c8d00000| Untracked 
| 118|0x00000000c8e00000, 0x00000000c8e00000, 0x00000000c8f00000|  0%| F|  |TAMS 0x00000000c8e00000, 0x00000000c8e00000| Untracked 
| 119|0x00000000c8f00000, 0x00000000c8f00000, 0x00000000c9000000|  0%| F|  |TAMS 0x00000000c8f00000, 0x00000000c8f00000| Untracked 
| 120|0x00000000c9000000, 0x00000000c9000000, 0x00000000c9100000|  0%| F|  |TAMS 0x00000000c9000000, 0x00000000c9000000| Untracked 
| 121|0x00000000c9100000, 0x00000000c9100000, 0x00000000c9200000|  0%| F|  |TAMS 0x00000000c9100000, 0x00000000c9100000| Untracked 
| 122|0x00000000c9200000, 0x00000000c9200000, 0x00000000c9300000|  0%| F|  |TAMS 0x00000000c9200000, 0x00000000c9200000| Untracked 
| 123|0x00000000c9300000, 0x00000000c9300000, 0x00000000c9400000|  0%| F|  |TAMS 0x00000000c9300000, 0x00000000c9300000| Untracked 
| 124|0x00000000c9400000, 0x00000000c9400000, 0x00000000c9500000|  0%| F|  |TAMS 0x00000000c9400000, 0x00000000c9400000| Untracked 
| 125|0x00000000c9500000, 0x00000000c9500000, 0x00000000c9600000|  0%| F|  |TAMS 0x00000000c9500000, 0x00000000c9500000| Untracked 
| 126|0x00000000c9600000, 0x00000000c9600000, 0x00000000c9700000|  0%| F|  |TAMS 0x00000000c9600000, 0x00000000c9600000| Untracked 
| 127|0x00000000c9700000, 0x00000000c9700000, 0x00000000c9800000|  0%| F|  |TAMS 0x00000000c9700000, 0x00000000c9700000| Untracked 
| 128|0x00000000c9800000, 0x00000000c9800000, 0x00000000c9900000|  0%| F|  |TAMS 0x00000000c9800000, 0x00000000c9800000| Untracked 
| 129|0x00000000c9900000, 0x00000000c9900000, 0x00000000c9a00000|  0%| F|  |TAMS 0x00000000c9900000, 0x00000000c9900000| Untracked 
| 130|0x00000000c9a00000, 0x00000000c9a00000, 0x00000000c9b00000|  0%| F|  |TAMS 0x00000000c9a00000, 0x00000000c9a00000| Untracked 
| 131|0x00000000c9b00000, 0x00000000c9b00000, 0x00000000c9c00000|  0%| F|  |TAMS 0x00000000c9b00000, 0x00000000c9b00000| Untracked 
| 132|0x00000000c9c00000, 0x00000000c9c00000, 0x00000000c9d00000|  0%| F|  |TAMS 0x00000000c9c00000, 0x00000000c9c00000| Untracked 
| 133|0x00000000c9d00000, 0x00000000c9d00000, 0x00000000c9e00000|  0%| F|  |TAMS 0x00000000c9d00000, 0x00000000c9d00000| Untracked 
| 134|0x00000000c9e00000, 0x00000000c9f00000, 0x00000000c9f00000|100%|HS|  |TAMS 0x00000000c9f00000, 0x00000000c9e00000| Complete 
| 135|0x00000000c9f00000, 0x00000000ca000000, 0x00000000ca000000|100%|HC|  |TAMS 0x00000000ca000000, 0x00000000c9f00000| Complete 
| 136|0x00000000ca000000, 0x00000000ca100000, 0x00000000ca100000|100%|HS|  |TAMS 0x00000000ca100000, 0x00000000ca000000| Complete 
| 137|0x00000000ca100000, 0x00000000ca200000, 0x00000000ca200000|100%|HC|  |TAMS 0x00000000ca200000, 0x00000000ca100000| Complete 
| 138|0x00000000ca200000, 0x00000000ca200000, 0x00000000ca300000|  0%| F|  |TAMS 0x00000000ca200000, 0x00000000ca200000| Untracked 
| 139|0x00000000ca300000, 0x00000000ca300000, 0x00000000ca400000|  0%| F|  |TAMS 0x00000000ca300000, 0x00000000ca300000| Untracked 
| 140|0x00000000ca400000, 0x00000000ca400000, 0x00000000ca500000|  0%| F|  |TAMS 0x00000000ca400000, 0x00000000ca400000| Untracked 
| 141|0x00000000ca500000, 0x00000000ca500000, 0x00000000ca600000|  0%| F|  |TAMS 0x00000000ca500000, 0x00000000ca500000| Untracked 
| 142|0x00000000ca600000, 0x00000000ca600000, 0x00000000ca700000|  0%| F|  |TAMS 0x00000000ca600000, 0x00000000ca600000| Untracked 
| 143|0x00000000ca700000, 0x00000000ca700000, 0x00000000ca800000|  0%| F|  |TAMS 0x00000000ca700000, 0x00000000ca700000| Untracked 
| 144|0x00000000ca800000, 0x00000000ca800000, 0x00000000ca900000|  0%| F|  |TAMS 0x00000000ca800000, 0x00000000ca800000| Untracked 
| 145|0x00000000ca900000, 0x00000000ca900000, 0x00000000caa00000|  0%| F|  |TAMS 0x00000000ca900000, 0x00000000ca900000| Untracked 
| 146|0x00000000caa00000, 0x00000000caa00000, 0x00000000cab00000|  0%| F|  |TAMS 0x00000000caa00000, 0x00000000caa00000| Untracked 
| 147|0x00000000cab00000, 0x00000000cab00000, 0x00000000cac00000|  0%| F|  |TAMS 0x00000000cab00000, 0x00000000cab00000| Untracked 
| 148|0x00000000cac00000, 0x00000000cac00000, 0x00000000cad00000|  0%| F|  |TAMS 0x00000000cac00000, 0x00000000cac00000| Untracked 
| 149|0x00000000cad00000, 0x00000000cad00000, 0x00000000cae00000|  0%| F|  |TAMS 0x00000000cad00000, 0x00000000cad00000| Untracked 
| 150|0x00000000cae00000, 0x00000000cae00000, 0x00000000caf00000|  0%| F|  |TAMS 0x00000000cae00000, 0x00000000cae00000| Untracked 
| 151|0x00000000caf00000, 0x00000000caf6ec58, 0x00000000cb000000| 43%| E|  |TAMS 0x00000000caf00000, 0x00000000caf00000| Complete 
| 152|0x00000000cb000000, 0x00000000cb100000, 0x00000000cb100000|100%| E|CS|TAMS 0x00000000cb000000, 0x00000000cb000000| Complete 
| 153|0x00000000cb100000, 0x00000000cb200000, 0x00000000cb200000|100%| E|CS|TAMS 0x00000000cb100000, 0x00000000cb100000| Complete 
| 154|0x00000000cb200000, 0x00000000cb300000, 0x00000000cb300000|100%| E|CS|TAMS 0x00000000cb200000, 0x00000000cb200000| Complete 
| 155|0x00000000cb300000, 0x00000000cb400000, 0x00000000cb400000|100%| E|CS|TAMS 0x00000000cb300000, 0x00000000cb300000| Complete 
| 156|0x00000000cb400000, 0x00000000cb500000, 0x00000000cb500000|100%| E|CS|TAMS 0x00000000cb400000, 0x00000000cb400000| Complete 
| 157|0x00000000cb500000, 0x00000000cb600000, 0x00000000cb600000|100%| E|CS|TAMS 0x00000000cb500000, 0x00000000cb500000| Complete 
| 158|0x00000000cb600000, 0x00000000cb700000, 0x00000000cb700000|100%| E|CS|TAMS 0x00000000cb600000, 0x00000000cb600000| Complete 
| 159|0x00000000cb700000, 0x00000000cb800000, 0x00000000cb800000|100%| E|CS|TAMS 0x00000000cb700000, 0x00000000cb700000| Complete 
| 160|0x00000000cb800000, 0x00000000cb900000, 0x00000000cb900000|100%| E|CS|TAMS 0x00000000cb800000, 0x00000000cb800000| Complete 
| 161|0x00000000cb900000, 0x00000000cba00000, 0x00000000cba00000|100%| E|CS|TAMS 0x00000000cb900000, 0x00000000cb900000| Complete 
| 162|0x00000000cba00000, 0x00000000cbb00000, 0x00000000cbb00000|100%| E|CS|TAMS 0x00000000cba00000, 0x00000000cba00000| Complete 
| 163|0x00000000cbb00000, 0x00000000cbc00000, 0x00000000cbc00000|100%| E|CS|TAMS 0x00000000cbb00000, 0x00000000cbb00000| Complete 
| 164|0x00000000cbc00000, 0x00000000cbd00000, 0x00000000cbd00000|100%| E|CS|TAMS 0x00000000cbc00000, 0x00000000cbc00000| Complete 
| 165|0x00000000cbd00000, 0x00000000cbe00000, 0x00000000cbe00000|100%| E|CS|TAMS 0x00000000cbd00000, 0x00000000cbd00000| Complete 
| 166|0x00000000cbe00000, 0x00000000cbf00000, 0x00000000cbf00000|100%| E|CS|TAMS 0x00000000cbe00000, 0x00000000cbe00000| Complete 
| 167|0x00000000cbf00000, 0x00000000cc000000, 0x00000000cc000000|100%| E|CS|TAMS 0x00000000cbf00000, 0x00000000cbf00000| Complete 
| 168|0x00000000cc000000, 0x00000000cc100000, 0x00000000cc100000|100%| E|CS|TAMS 0x00000000cc000000, 0x00000000cc000000| Complete 
| 169|0x00000000cc100000, 0x00000000cc200000, 0x00000000cc200000|100%| E|CS|TAMS 0x00000000cc100000, 0x00000000cc100000| Complete 
| 170|0x00000000cc200000, 0x00000000cc27d3c8, 0x00000000cc300000| 48%| S|CS|TAMS 0x00000000cc200000, 0x00000000cc200000| Complete 
| 171|0x00000000cc300000, 0x00000000cc400000, 0x00000000cc400000|100%| S|CS|TAMS 0x00000000cc300000, 0x00000000cc300000| Complete 
| 172|0x00000000cc400000, 0x00000000cc500000, 0x00000000cc500000|100%| E|  |TAMS 0x00000000cc400000, 0x00000000cc400000| Complete 
| 999|0x00000000fff00000, 0x0000000100000000, 0x0000000100000000|100%| O|  |TAMS 0x0000000100000000, 0x00000000fff00000| Untracked 

Card table byte_map: [0x0000014125e80000,0x0000014126080000] _byte_map_base: 0x0000014125874000

Marking Bits (Prev, Next): (CMBitMap*) 0x00000141117f5070, (CMBitMap*) 0x00000141117f5030
 Prev Bits: [0x0000014127220000, 0x00000141281c0000)
 Next Bits: [0x0000014126280000, 0x0000014127220000)

Polling page: 0x0000014111620000

Metaspace:

Usage:
  Non-class:     57.88 MB used.
      Class:      8.44 MB used.
       Both:     66.32 MB used.

Virtual space:
  Non-class space:       64.00 MB reserved,      58.12 MB ( 91%) committed,  8 nodes.
      Class space:        1.00 GB reserved,       8.62 MB ( <1%) committed,  1 nodes.
             Both:        1.06 GB reserved,      66.75 MB (  6%) committed. 

Chunk freelists:
   Non-Class:  991.00 KB
       Class:  3.21 MB
        Both:  4.18 MB

MaxMetaspaceSize: unlimited
CompressedClassSpaceSize: 1.00 GB
Initial GC threshold: 21.00 MB
Current GC threshold: 110.94 MB
CDS: off
MetaspaceReclaimPolicy: balanced
 - commit_granule_bytes: 65536.
 - commit_granule_words: 8192.
 - virtual_space_node_default_size: 1048576.
 - enlarge_chunks_in_place: 1.
 - new_chunks_are_fully_committed: 0.
 - uncommit_free_chunks: 1.
 - use_allocation_guard: 0.
 - handle_deallocations: 1.


Internal statistics:

num_allocs_failed_limit: 14.
num_arena_births: 502.
num_arena_deaths: 0.
num_vsnodes_births: 9.
num_vsnodes_deaths: 0.
num_space_committed: 1068.
num_space_uncommitted: 0.
num_chunks_returned_to_freelist: 14.
num_chunks_taken_from_freelist: 2644.
num_chunk_merges: 11.
num_chunk_splits: 1868.
num_chunks_enlarged: 1464.
num_purges: 0.
num_inconsistent_stats: 0.

CodeHeap 'non-profiled nmethods': size=120000Kb used=3706Kb max_used=3706Kb free=116293Kb
 bounds [0x000001411e130000, 0x000001411e4d0000, 0x0000014125660000]
CodeHeap 'profiled nmethods': size=120000Kb used=10333Kb max_used=10713Kb free=109666Kb
 bounds [0x0000014116c00000, 0x0000014117680000, 0x000001411e130000]
CodeHeap 'non-nmethods': size=5760Kb used=1302Kb max_used=1350Kb free=4457Kb
 bounds [0x0000014116660000, 0x00000141168d0000, 0x0000014116c00000]
 total_blobs=6258 nmethods=5631 adapters=539
 compilation: enabled
              stopped_count=0, restarted_count=0
 full_count=0

Compilation events (20 events):
Event: 186.207 Thread 0x000001412a7f86d0 nmethod 6415 0x000001411e4cd490 code [0x000001411e4cd640, 0x000001411e4cdb78]
Event: 186.207 Thread 0x000001412a7f86d0 6416   !   4       sun.nio.ch.SelectorImpl::processDeregisterQueue (145 bytes)
Event: 186.225 Thread 0x000001412a7f86d0 nmethod 6416 0x000001411e4cdf10 code [0x000001411e4ce0a0, 0x000001411e4ce3f8]
Event: 187.970 Thread 0x000001412a7fa180 6417       3       org.apache.catalina.util.LifecycleBase::fireLifecycleEvent (56 bytes)
Event: 188.003 Thread 0x000001412a7fa180 nmethod 6417 0x00000141171c1010 code [0x00000141171c1220, 0x00000141171c1a78]
Event: 188.003 Thread 0x000001412a7fa180 6418       3       org.apache.catalina.LifecycleEvent::<init> (16 bytes)
Event: 188.014 Thread 0x000001412a7fa180 nmethod 6418 0x00000141171c0810 code [0x00000141171c09e0, 0x00000141171c0dc8]
Event: 189.993 Thread 0x000001412a7fa180 6419       3       java.util.concurrent.locks.ReentrantLock::lockInterruptibly (8 bytes)
Event: 189.995 Thread 0x000001412a7f86d0 6421       4       jdk.internal.misc.Unsafe::putReferenceOpaque (9 bytes)
Event: 190.001 Thread 0x000001412a7fa180 nmethod 6419 0x0000014117140790 code [0x0000014117140980, 0x0000014117140e38]
Event: 190.001 Thread 0x000001412a7fa180 6420       3       java.util.concurrent.locks.ReentrantLock$Sync::lockInterruptibly (27 bytes)
Event: 190.001 Thread 0x000001412a7f86d0 nmethod 6421 0x000001411e4ce610 code [0x000001411e4ce780, 0x000001411e4ce8b8]
Event: 190.001 Thread 0x000001412a7fa180 nmethod 6420 0x0000014117140010 code [0x0000014117140200, 0x0000014117140638]
Event: 197.995 Thread 0x000001412a7fa180 6423       3       java.util.concurrent.ScheduledThreadPoolExecutor$DelayedWorkQueue::add (9 bytes)
Event: 198.001 Thread 0x000001412a7f86d0 6422       4       java.util.TreeMap::put (8 bytes)
Event: 198.031 Thread 0x000001412a7fa180 nmethod 6423 0x000001411713fa90 code [0x000001411713fc40, 0x000001411713ff08]
Event: 198.031 Thread 0x000001412a7fa180 6424       3       java.util.concurrent.ScheduledThreadPoolExecutor$DelayedWorkQueue::add (6 bytes)
Event: 198.031 Thread 0x000001412a7fa180 nmethod 6424 0x000001411713f710 code [0x000001411713f8c0, 0x000001411713fa08]
Event: 198.031 Thread 0x000001412a7fa180 6425   !   3       java.util.concurrent.ScheduledThreadPoolExecutor$DelayedWorkQueue::offer (123 bytes)
Event: 198.125 Thread 0x000001412a7fa180 nmethod 6425 0x000001411713d810 code [0x000001411713db00, 0x000001411713eed8]

GC Heap History (20 events):
Event: 13.845 GC heap before
{Heap before GC invocations=19 (full 0):
 garbage-first heap   total 49152K, used 38973K [0x00000000c1800000, 0x0000000100000000)
  region size 1024K, 17 young (17408K), 2 survivors (2048K)
 Metaspace       used 61390K, committed 61696K, reserved 1105920K
  class space    used 7848K, committed 8000K, reserved 1048576K
}
Event: 13.850 GC heap after
{Heap after GC invocations=20 (full 0):
 garbage-first heap   total 59392K, used 24092K [0x00000000c1800000, 0x0000000100000000)
  region size 1024K, 2 young (2048K), 2 survivors (2048K)
 Metaspace       used 61390K, committed 61696K, reserved 1105920K
  class space    used 7848K, committed 8000K, reserved 1048576K
}
Event: 14.925 GC heap before
{Heap before GC invocations=21 (full 0):
 garbage-first heap   total 59392K, used 46620K [0x00000000c1800000, 0x0000000100000000)
  region size 1024K, 24 young (24576K), 2 survivors (2048K)
 Metaspace       used 63426K, committed 63744K, reserved 1105920K
  class space    used 8120K, committed 8256K, reserved 1048576K
}
Event: 14.936 GC heap after
{Heap after GC invocations=22 (full 0):
 garbage-first heap   total 59392K, used 25741K [0x00000000c1800000, 0x0000000100000000)
  region size 1024K, 3 young (3072K), 3 survivors (3072K)
 Metaspace       used 63426K, committed 63744K, reserved 1105920K
  class space    used 8120K, committed 8256K, reserved 1048576K
}
Event: 27.452 GC heap before
{Heap before GC invocations=22 (full 0):
 garbage-first heap   total 59392K, used 43149K [0x00000000c1800000, 0x0000000100000000)
  region size 1024K, 18 young (18432K), 3 survivors (3072K)
 Metaspace       used 66105K, committed 66560K, reserved 1114112K
  class space    used 8455K, committed 8640K, reserved 1048576K
}
Event: 27.468 GC heap after
{Heap after GC invocations=23 (full 0):
 garbage-first heap   total 59392K, used 31251K [0x00000000c1800000, 0x0000000100000000)
  region size 1024K, 3 young (3072K), 3 survivors (3072K)
 Metaspace       used 66105K, committed 66560K, reserved 1114112K
  class space    used 8455K, committed 8640K, reserved 1048576K
}
Event: 27.750 GC heap before
{Heap before GC invocations=24 (full 0):
 garbage-first heap   total 63488K, used 55827K [0x00000000c1800000, 0x0000000100000000)
  region size 1024K, 8 young (8192K), 3 survivors (3072K)
 Metaspace       used 66273K, committed 66688K, reserved 1114112K
  class space    used 8470K, committed 8640K, reserved 1048576K
}
Event: 27.759 GC heap after
{Heap after GC invocations=25 (full 0):
 garbage-first heap   total 64512K, used 46850K [0x00000000c1800000, 0x0000000100000000)
  region size 1024K, 3 young (3072K), 3 survivors (3072K)
 Metaspace       used 66273K, committed 66688K, reserved 1114112K
  class space    used 8470K, committed 8640K, reserved 1048576K
}
Event: 27.787 GC heap before
{Heap before GC invocations=25 (full 0):
 garbage-first heap   total 64512K, used 56066K [0x00000000c1800000, 0x0000000100000000)
  region size 1024K, 4 young (4096K), 3 survivors (3072K)
 Metaspace       used 66273K, committed 66688K, reserved 1114112K
  class space    used 8470K, committed 8640K, reserved 1048576K
}
Event: 27.799 GC heap after
{Heap after GC invocations=26 (full 0):
 garbage-first heap   total 64512K, used 54222K [0x00000000c1800000, 0x0000000100000000)
  region size 1024K, 1 young (1024K), 1 survivors (1024K)
 Metaspace       used 66273K, committed 66688K, reserved 1114112K
  class space    used 8470K, committed 8640K, reserved 1048576K
}
Event: 27.801 GC heap before
{Heap before GC invocations=26 (full 0):
 garbage-first heap   total 64512K, used 54222K [0x00000000c1800000, 0x0000000100000000)
  region size 1024K, 2 young (2048K), 1 survivors (1024K)
 Metaspace       used 66273K, committed 66688K, reserved 1114112K
  class space    used 8470K, committed 8640K, reserved 1048576K
}
Event: 27.803 GC heap after
{Heap after GC invocations=27 (full 0):
 garbage-first heap   total 64512K, used 54187K [0x00000000c1800000, 0x0000000100000000)
  region size 1024K, 1 young (1024K), 1 survivors (1024K)
 Metaspace       used 66273K, committed 66688K, reserved 1114112K
  class space    used 8470K, committed 8640K, reserved 1048576K
}
Event: 27.860 GC heap before
{Heap before GC invocations=27 (full 0):
 garbage-first heap   total 65536K, used 61355K [0x00000000c1800000, 0x0000000100000000)
  region size 1024K, 3 young (3072K), 1 survivors (1024K)
 Metaspace       used 66274K, committed 66688K, reserved 1114112K
  class space    used 8470K, committed 8640K, reserved 1048576K
}
Event: 27.867 GC heap after
{Heap after GC invocations=28 (full 0):
 garbage-first heap   total 178176K, used 59342K [0x00000000c1800000, 0x0000000100000000)
  region size 1024K, 1 young (1024K), 1 survivors (1024K)
 Metaspace       used 66274K, committed 66688K, reserved 1114112K
  class space    used 8470K, committed 8640K, reserved 1048576K
}
Event: 118.857 GC heap before
{Heap before GC invocations=29 (full 0):
 garbage-first heap   total 178176K, used 163790K [0x00000000c1800000, 0x0000000100000000)
  region size 1024K, 23 young (23552K), 1 survivors (1024K)
 Metaspace       used 67790K, committed 68160K, reserved 1114112K
  class space    used 8642K, committed 8832K, reserved 1048576K
}
Event: 118.863 GC heap after
{Heap after GC invocations=30 (full 0):
 garbage-first heap   total 178176K, used 71093K [0x00000000c1800000, 0x0000000100000000)
  region size 1024K, 5 young (5120K), 5 survivors (5120K)
 Metaspace       used 67790K, committed 68160K, reserved 1114112K
  class space    used 8642K, committed 8832K, reserved 1048576K
}
Event: 118.961 GC heap before
{Heap before GC invocations=30 (full 0):
 garbage-first heap   total 178176K, used 89525K [0x00000000c1800000, 0x0000000100000000)
  region size 1024K, 8 young (8192K), 5 survivors (5120K)
 Metaspace       used 67798K, committed 68160K, reserved 1114112K
  class space    used 8642K, committed 8832K, reserved 1048576K
}
Event: 118.966 GC heap after
{Heap after GC invocations=31 (full 0):
 garbage-first heap   total 178176K, used 80359K [0x00000000c1800000, 0x0000000100000000)
  region size 1024K, 1 young (1024K), 1 survivors (1024K)
 Metaspace       used 67798K, committed 68160K, reserved 1114112K
  class space    used 8642K, committed 8832K, reserved 1048576K
}
Event: 118.967 GC heap before
{Heap before GC invocations=31 (full 0):
 garbage-first heap   total 178176K, used 80359K [0x00000000c1800000, 0x0000000100000000)
  region size 1024K, 2 young (2048K), 1 survivors (1024K)
 Metaspace       used 67798K, committed 68160K, reserved 1114112K
  class space    used 8642K, committed 8832K, reserved 1048576K
}
Event: 118.970 GC heap after
{Heap after GC invocations=32 (full 0):
 garbage-first heap   total 178176K, used 80860K [0x00000000c1800000, 0x0000000100000000)
  region size 1024K, 2 young (2048K), 2 survivors (2048K)
 Metaspace       used 67798K, committed 68160K, reserved 1114112K
  class space    used 8642K, committed 8832K, reserved 1048576K
}

Deoptimization events (20 events):
Event: 119.619 Thread 0x00000141309a8a20 Uncommon trap: trap_request=0xffffff45 fr.pc=0x000001411e48c4b4 relative=0x0000000000000034
Event: 119.619 Thread 0x00000141309a8a20 Uncommon trap: reason=unstable_if action=reinterpret pc=0x000001411e48c4b4 method=sun.nio.ch.IOStatus.normalize(I)I @ 3 c2
Event: 119.619 Thread 0x00000141309a8a20 DEOPT PACKING pc=0x000001411e48c4b4 sp=0x0000001bf7dfbd70
Event: 119.619 Thread 0x00000141309a8a20 DEOPT UNPACKING pc=0x00000141166b23a3 sp=0x0000001bf7dfbd08 mode 2
Event: 119.773 Thread 0x00000141309a8a20 Uncommon trap: trap_request=0xffffff45 fr.pc=0x000001411e491530 relative=0x0000000000004150
Event: 119.773 Thread 0x00000141309a8a20 Uncommon trap: reason=unstable_if action=reinterpret pc=0x000001411e491530 method=sun.nio.ch.IOUtil.write(Ljava/io/FileDescriptor;Ljava/nio/ByteBuffer;JZZILsun/nio/ch/NativeDispatcher;)I @ 143 c2
Event: 119.773 Thread 0x00000141309a8a20 DEOPT PACKING pc=0x000001411e491530 sp=0x0000001bf7dfbe10
Event: 119.774 Thread 0x00000141309a8a20 DEOPT UNPACKING pc=0x00000141166b23a3 sp=0x0000001bf7dfb9a0 mode 2
Event: 119.980 Thread 0x00000141309a8a20 Uncommon trap: trap_request=0xffffff45 fr.pc=0x000001411e485318 relative=0x00000000000022d8
Event: 119.980 Thread 0x00000141309a8a20 Uncommon trap: reason=unstable_if action=reinterpret pc=0x000001411e485318 method=sun.nio.ch.IOUtil.writeFromNativeBuffer(Ljava/io/FileDescriptor;Ljava/nio/ByteBuffer;JZZILsun/nio/ch/NativeDispatcher;)I @ 157 c2
Event: 119.980 Thread 0x00000141309a8a20 DEOPT PACKING pc=0x000001411e485318 sp=0x0000001bf7dfbd50
Event: 119.980 Thread 0x00000141309a8a20 DEOPT UNPACKING pc=0x00000141166b23a3 sp=0x0000001bf7dfb970 mode 2
Event: 127.903 Thread 0x000001412f195020 Uncommon trap: trap_request=0xffffffbe fr.pc=0x000001411e4a6838 relative=0x0000000000002698
Event: 127.903 Thread 0x000001412f195020 Uncommon trap: reason=profile_predicate action=maybe_recompile pc=0x000001411e4a6838 method=java.util.TreeMap.put(Ljava/lang/Object;Ljava/lang/Object;Z)Ljava/lang/Object; @ 27 c2
Event: 127.904 Thread 0x000001412f195020 DEOPT PACKING pc=0x000001411e4a6838 sp=0x0000001bf74feb40
Event: 127.904 Thread 0x000001412f195020 DEOPT UNPACKING pc=0x00000141166b23a3 sp=0x0000001bf74feaa8 mode 2
Event: 127.904 Thread 0x000001412f195020 Uncommon trap: trap_request=0xffffffbe fr.pc=0x000001411e4a6838 relative=0x0000000000002698
Event: 127.904 Thread 0x000001412f195020 Uncommon trap: reason=profile_predicate action=maybe_recompile pc=0x000001411e4a6838 method=java.util.TreeMap.put(Ljava/lang/Object;Ljava/lang/Object;Z)Ljava/lang/Object; @ 27 c2
Event: 127.904 Thread 0x000001412f195020 DEOPT PACKING pc=0x000001411e4a6838 sp=0x0000001bf74feb40
Event: 127.904 Thread 0x000001412f195020 DEOPT UNPACKING pc=0x00000141166b23a3 sp=0x0000001bf74feaa8 mode 2

Classes unloaded (0 events):
No events

Classes redefined (0 events):
No events

Internal exceptions (20 events):
Event: 14.233 Thread 0x00000141117c0500 Exception <a 'java/lang/ClassNotFoundException'{0x00000000c48c9028}: org/springframework/beans/factory/AwareCustomizer> (0x00000000c48c9028) 
thrown [e:\jenkins\tmp\workspace\build\src\src\hotspot\share\classfile\systemDictionary.cpp, line 256]
Event: 14.234 Thread 0x00000141117c0500 Exception <a 'java/lang/ClassNotFoundException'{0x00000000c48cc560}: org/springframework/context/ApplicationContextAwareCustomizer> (0x00000000c48cc560) 
thrown [e:\jenkins\tmp\workspace\build\src\src\hotspot\share\classfile\systemDictionary.cpp, line 256]
Event: 14.236 Thread 0x00000141117c0500 Exception <a 'java/lang/ClassNotFoundException'{0x00000000c48d1458}: org/springframework/beans/factory/AwareCustomizer> (0x00000000c48d1458) 
thrown [e:\jenkins\tmp\workspace\build\src\src\hotspot\share\classfile\systemDictionary.cpp, line 256]
Event: 14.236 Thread 0x00000141117c0500 Exception <a 'java/lang/ClassNotFoundException'{0x00000000c48d4968}: org/springframework/web/context/ServletContextAwareCustomizer> (0x00000000c48d4968) 
thrown [e:\jenkins\tmp\workspace\build\src\src\hotspot\share\classfile\systemDictionary.cpp, line 256]
Event: 14.237 Thread 0x00000141117c0500 Exception <a 'java/lang/ClassNotFoundException'{0x00000000c48d8f98}: org/springframework/beans/factory/AwareCustomizer> (0x00000000c48d8f98) 
thrown [e:\jenkins\tmp\workspace\build\src\src\hotspot\share\classfile\systemDictionary.cpp, line 256]
Event: 14.638 Thread 0x00000141117c0500 Exception <a 'java/lang/NoSuchMethodError'{0x00000000c4137ff0}: 'void java.lang.invoke.DirectMethodHandle$Holder.invokeVirtual(java.lang.Object, java.lang.Object, int)'> (0x00000000c4137ff0) 
thrown [e:\jenkins\tmp\workspace\build\src\src\hotspot\share\interpreter\linkResolver.cpp, line 766]
Event: 14.644 Thread 0x00000141117c0500 Exception <a 'java/lang/NoSuchMethodError'{0x00000000c4152b98}: 'void java.lang.invoke.DirectMethodHandle$Holder.invokeVirtual(java.lang.Object, java.lang.Object, long)'> (0x00000000c4152b98) 
thrown [e:\jenkins\tmp\workspace\build\src\src\hotspot\share\interpreter\linkResolver.cpp, line 766]
Event: 14.902 Thread 0x00000141117c0500 Exception <a 'java/lang/IncompatibleClassChangeError'{0x00000000c3c7abf0}: Found class java.lang.Object, but interface was expected> (0x00000000c3c7abf0) 
thrown [e:\jenkins\tmp\workspace\build\src\src\hotspot\share\interpreter\linkResolver.cpp, line 833]
Event: 14.979 Thread 0x00000141117c0500 Exception <a 'java/lang/NoSuchMethodError'{0x00000000c57ff928}: 'int java.lang.invoke.DirectMethodHandle$Holder.invokeStaticInit(java.lang.Object, java.lang.Object, java.lang.Object, java.lang.Object)'> (0x00000000c57ff928) 
thrown [e:\jenkins\tmp\workspace\build\src\src\hotspot\share\interpreter\linkResolver.cpp, line 766]
Event: 15.282 Thread 0x00000141117c0500 Exception <a 'java/lang/NoSuchMethodError'{0x00000000c4b343e8}: 'java.lang.Object java.lang.invoke.DirectMethodHandle$Holder.invokeSpecial(java.lang.Object, java.lang.Object, int, java.lang.Object, int, java.lang.Object)'> (0x00000000c4b343e8) 
thrown [e:\jenkins\tmp\workspace\build\src\src\hotspot\share\interpreter\linkResolver.cpp, line 766]
Event: 15.282 Thread 0x00000141117c0500 Exception <a 'java/lang/NoSuchMethodError'{0x00000000c4b3c1e8}: 'java.lang.Object java.lang.invoke.DirectMethodHandle$Holder.newInvokeSpecial(java.lang.Object, java.lang.Object, int, java.lang.Object, int)'> (0x00000000c4b3c1e8) 
thrown [e:\jenkins\tmp\workspace\build\src\src\hotspot\share\interpreter\linkResolver.cpp, line 766]
Event: 15.283 Thread 0x00000141117c0500 Exception <a 'java/lang/NoSuchMethodError'{0x00000000c4b402e8}: 'java.lang.Object java.lang.invoke.DirectMethodHandle$Holder.invokeSpecial(java.lang.Object, java.lang.Object, java.lang.Object, int, java.lang.Object, int)'> (0x00000000c4b402e8) 
thrown [e:\jenkins\tmp\workspace\build\src\src\hotspot\share\interpreter\linkResolver.cpp, line 766]
Event: 15.286 Thread 0x00000141117c0500 Exception <a 'java/lang/NoSuchMethodError'{0x00000000c4b4a080}: 'void java.lang.invoke.DirectMethodHandle$Holder.invokeVirtual(java.lang.Object, java.lang.Object)'> (0x00000000c4b4a080) 
thrown [e:\jenkins\tmp\workspace\build\src\src\hotspot\share\interpreter\linkResolver.cpp, line 766]
Event: 27.385 Thread 0x00000141309a93c0 Exception <a 'java/lang/NoSuchMethodError'{0x00000000c44c6780}: 'java.lang.Object java.lang.invoke.DirectMethodHandle$Holder.invokeStaticInit(java.lang.Object, java.lang.Object, java.lang.Object, java.lang.Object, java.lang.Object, java.lang.Object)'> (0x00000000c44c6780) 
thrown [e:\jenkins\tmp\workspace\build\src\src\hotspot\share\interpreter\linkResolver.cpp, line 766]
Event: 30.250 Thread 0x00000141309a93c0 Exception <a 'java/io/IOException'{0x00000000cbc192d8}: Connection reset by peer> (0x00000000cbc192d8) 
thrown [e:\jenkins\tmp\workspace\build\src\src\hotspot\share\prims\jni.cpp, line 535]
Event: 30.252 Thread 0x00000141309a93c0 Exception <a 'java/io/IOException'{0x00000000cbc1b7b8}: Connection reset by peer> (0x00000000cbc1b7b8) 
thrown [e:\jenkins\tmp\workspace\build\src\src\hotspot\share\prims\jni.cpp, line 535]
Event: 30.271 Thread 0x00000141309a93c0 Exception <a 'java/io/IOException'{0x00000000cbc3efd0}: Connection reset by peer> (0x00000000cbc3efd0) 
thrown [e:\jenkins\tmp\workspace\build\src\src\hotspot\share\prims\jni.cpp, line 535]
Event: 50.712 Thread 0x00000141309a8550 Exception <a 'java/io/IOException'{0x00000000cb156090}: Connection reset by peer> (0x00000000cb156090) 
thrown [e:\jenkins\tmp\workspace\build\src\src\hotspot\share\prims\jni.cpp, line 535]
Event: 50.715 Thread 0x00000141309a8550 Exception <a 'java/io/IOException'{0x00000000cb158778}: Connection reset by peer> (0x00000000cb158778) 
thrown [e:\jenkins\tmp\workspace\build\src\src\hotspot\share\prims\jni.cpp, line 535]
Event: 50.719 Thread 0x00000141309a8550 Exception <a 'java/io/IOException'{0x00000000cb15a440}: Connection reset by peer> (0x00000000cb15a440) 
thrown [e:\jenkins\tmp\workspace\build\src\src\hotspot\share\prims\jni.cpp, line 535]

VM Operations (20 events):
Event: 128.251 Executing VM operation: Cleanup
Event: 128.251 Executing VM operation: Cleanup done
Event: 135.307 Executing VM operation: Cleanup
Event: 135.308 Executing VM operation: Cleanup done
Event: 148.428 Executing VM operation: Cleanup
Event: 148.428 Executing VM operation: Cleanup done
Event: 151.455 Executing VM operation: Cleanup
Event: 151.455 Executing VM operation: Cleanup done
Event: 152.469 Executing VM operation: Cleanup
Event: 152.469 Executing VM operation: Cleanup done
Event: 153.475 Executing VM operation: Cleanup
Event: 153.475 Executing VM operation: Cleanup done
Event: 160.528 Executing VM operation: Cleanup
Event: 160.528 Executing VM operation: Cleanup done
Event: 169.615 Executing VM operation: Cleanup
Event: 169.616 Executing VM operation: Cleanup done
Event: 175.653 Executing VM operation: Cleanup
Event: 175.653 Executing VM operation: Cleanup done
Event: 186.713 Executing VM operation: Cleanup
Event: 186.714 Executing VM operation: Cleanup done

Events (20 events):
Event: 28.274 loading class java/util/concurrent/atomic/AtomicReferenceArray done
Event: 28.274 loading class java/lang/invoke/VarHandleReferences$Array
Event: 28.275 loading class java/lang/invoke/VarHandleReferences$Array done
Event: 28.300 loading class java/util/stream/LongStream
Event: 28.301 loading class java/util/stream/LongStream done
Event: 28.301 loading class java/util/stream/DoubleStream
Event: 28.302 loading class java/util/stream/DoubleStream done
Event: 28.331 loading class sun/reflect/generics/tree/IntSignature
Event: 28.331 loading class sun/reflect/generics/tree/IntSignature done
Event: 28.337 loading class org/w3c/dom/Document
Event: 28.337 loading class org/w3c/dom/Document done
Event: 28.433 loading class java/nio/StringCharBuffer
Event: 28.433 loading class java/nio/StringCharBuffer done
Event: 28.633 Thread 0x000001413129b7f0 Thread exited: 0x000001413129b7f0
Event: 30.282 Thread 0x000001412b7fe0d0 Thread added: 0x000001412b7fe0d0
Event: 31.500 Thread 0x000001412b7fe0d0 Thread exited: 0x000001412b7fe0d0
Event: 49.272 loading class jdk/internal/misc/ScopedMemoryAccess$Scope$Handle
Event: 49.273 loading class jdk/internal/misc/ScopedMemoryAccess$Scope$Handle done
Event: 50.209 Thread 0x000001412b7fe0d0 Thread added: 0x000001412b7fe0d0
Event: 54.499 Thread 0x000001412b7fe0d0 Thread exited: 0x000001412b7fe0d0


Dynamic libraries:
0x00007ff7fdb60000 - 0x00007ff7fdb6e000 	C:\Users\user\Downloads\sts-4.14.0.RELEASE\plugins\org.eclipse.justj.openjdk.hotspot.jre.full.win32.x86_64_17.0.2.v20220201-1208\jre\bin\javaw.exe
0x00007ffd66950000 - 0x00007ffd66b45000 	C:\WINDOWS\SYSTEM32\ntdll.dll
0x00007ffd5ae00000 - 0x00007ffd5ae16000 	C:\Program Files\Avast Software\Avast\aswhook.dll
0x00007ffd667e0000 - 0x00007ffd6689e000 	C:\WINDOWS\System32\KERNEL32.DLL
0x00007ffd64460000 - 0x00007ffd64728000 	C:\WINDOWS\System32\KERNELBASE.dll
0x00007ffd64730000 - 0x00007ffd64830000 	C:\WINDOWS\System32\ucrtbase.dll
0x00007ffd4baf0000 - 0x00007ffd4bb08000 	C:\Users\user\Downloads\sts-4.14.0.RELEASE\plugins\org.eclipse.justj.openjdk.hotspot.jre.full.win32.x86_64_17.0.2.v20220201-1208\jre\bin\jli.dll
0x00007ffd64fb0000 - 0x00007ffd65150000 	C:\WINDOWS\System32\USER32.dll
0x00007ffd648c0000 - 0x00007ffd648e2000 	C:\WINDOWS\System32\win32u.dll
0x00007ffd66460000 - 0x00007ffd6648a000 	C:\WINDOWS\System32\GDI32.dll
0x00007ffd648f0000 - 0x00007ffd649fb000 	C:\WINDOWS\System32\gdi32full.dll
0x00007ffd64a00000 - 0x00007ffd64a9d000 	C:\WINDOWS\System32\msvcp_win.dll
0x00007ffd5a190000 - 0x00007ffd5a1a9000 	C:\Users\user\Downloads\sts-4.14.0.RELEASE\plugins\org.eclipse.justj.openjdk.hotspot.jre.full.win32.x86_64_17.0.2.v20220201-1208\jre\bin\VCRUNTIME140.dll
0x00007ffd40100000 - 0x00007ffd4039a000 	C:\WINDOWS\WinSxS\amd64_microsoft.windows.common-controls_6595b64144ccf1df_6.0.19041.1110_none_60b5254171f9507e\COMCTL32.dll
0x00007ffd66740000 - 0x00007ffd667de000 	C:\WINDOWS\System32\msvcrt.dll
0x00007ffd66260000 - 0x00007ffd66290000 	C:\WINDOWS\System32\IMM32.DLL
0x00007ffd5cd40000 - 0x00007ffd5cd4c000 	C:\Users\user\Downloads\sts-4.14.0.RELEASE\plugins\org.eclipse.justj.openjdk.hotspot.jre.full.win32.x86_64_17.0.2.v20220201-1208\jre\bin\vcruntime140_1.dll
0x00007ffd26e70000 - 0x00007ffd26f01000 	C:\Users\user\Downloads\sts-4.14.0.RELEASE\plugins\org.eclipse.justj.openjdk.hotspot.jre.full.win32.x86_64_17.0.2.v20220201-1208\jre\bin\msvcp140.dll
0x00007ffceb3e0000 - 0x00007ffcec027000 	C:\Users\user\Downloads\sts-4.14.0.RELEASE\plugins\org.eclipse.justj.openjdk.hotspot.jre.full.win32.x86_64_17.0.2.v20220201-1208\jre\bin\server\jvm.dll
0x00007ffd64ed0000 - 0x00007ffd64f7e000 	C:\WINDOWS\System32\ADVAPI32.dll
0x00007ffd666a0000 - 0x00007ffd6673c000 	C:\WINDOWS\System32\sechost.dll
0x00007ffd66570000 - 0x00007ffd66695000 	C:\WINDOWS\System32\RPCRT4.dll
0x00007ffd64f80000 - 0x00007ffd64f88000 	C:\WINDOWS\System32\PSAPI.DLL
0x00007ffd52ff0000 - 0x00007ffd52ff9000 	C:\WINDOWS\SYSTEM32\WSOCK32.dll
0x00007ffd668a0000 - 0x00007ffd6690b000 	C:\WINDOWS\System32\WS2_32.dll
0x00007ffd37380000 - 0x00007ffd373a7000 	C:\WINDOWS\SYSTEM32\WINMM.dll
0x00007ffd5a380000 - 0x00007ffd5a38a000 	C:\WINDOWS\SYSTEM32\VERSION.dll
0x00007ffd62080000 - 0x00007ffd62092000 	C:\WINDOWS\SYSTEM32\kernel.appcore.dll
0x00007ffd59ab0000 - 0x00007ffd59aba000 	C:\Users\user\Downloads\sts-4.14.0.RELEASE\plugins\org.eclipse.justj.openjdk.hotspot.jre.full.win32.x86_64_17.0.2.v20220201-1208\jre\bin\jimage.dll
0x00007ffd59f30000 - 0x00007ffd5a114000 	C:\WINDOWS\SYSTEM32\DBGHELP.DLL
0x00007ffd59e80000 - 0x00007ffd59eac000 	C:\WINDOWS\SYSTEM32\dbgcore.DLL
0x00007ffd64830000 - 0x00007ffd648b2000 	C:\WINDOWS\System32\bcryptPrimitives.dll
0x00007ffd25000000 - 0x00007ffd25025000 	C:\Users\user\Downloads\sts-4.14.0.RELEASE\plugins\org.eclipse.justj.openjdk.hotspot.jre.full.win32.x86_64_17.0.2.v20220201-1208\jre\bin\java.dll
0x00007ffd4afc0000 - 0x00007ffd4afd8000 	C:\Users\user\Downloads\sts-4.14.0.RELEASE\plugins\org.eclipse.justj.openjdk.hotspot.jre.full.win32.x86_64_17.0.2.v20220201-1208\jre\bin\zip.dll
0x00007ffd659e0000 - 0x00007ffd66124000 	C:\WINDOWS\System32\SHELL32.dll
0x00007ffd62280000 - 0x00007ffd62a14000 	C:\WINDOWS\SYSTEM32\windows.storage.dll
0x00007ffd64aa0000 - 0x00007ffd64df4000 	C:\WINDOWS\System32\combase.dll
0x00007ffd63bd0000 - 0x00007ffd63bfc000 	C:\WINDOWS\SYSTEM32\Wldp.dll
0x00007ffd66340000 - 0x00007ffd663ed000 	C:\WINDOWS\System32\SHCORE.dll
0x00007ffd65650000 - 0x00007ffd656a5000 	C:\WINDOWS\System32\shlwapi.dll
0x00007ffd640a0000 - 0x00007ffd640bf000 	C:\WINDOWS\SYSTEM32\profapi.dll
0x00007ffd32d20000 - 0x00007ffd32d39000 	C:\Users\user\Downloads\sts-4.14.0.RELEASE\plugins\org.eclipse.justj.openjdk.hotspot.jre.full.win32.x86_64_17.0.2.v20220201-1208\jre\bin\net.dll
0x00007ffd595b0000 - 0x00007ffd596ba000 	C:\WINDOWS\SYSTEM32\WINHTTP.dll
0x00007ffd63930000 - 0x00007ffd6399a000 	C:\WINDOWS\system32\mswsock.dll
0x00007ffd32960000 - 0x00007ffd32975000 	C:\Users\user\Downloads\sts-4.14.0.RELEASE\plugins\org.eclipse.justj.openjdk.hotspot.jre.full.win32.x86_64_17.0.2.v20220201-1208\jre\bin\nio.dll
0x00007ffd593c0000 - 0x00007ffd593d0000 	C:\Users\user\Downloads\sts-4.14.0.RELEASE\plugins\org.eclipse.justj.openjdk.hotspot.jre.full.win32.x86_64_17.0.2.v20220201-1208\jre\bin\verify.dll
0x00007ffd59320000 - 0x00007ffd59329000 	C:\Users\user\Downloads\sts-4.14.0.RELEASE\plugins\org.eclipse.justj.openjdk.hotspot.jre.full.win32.x86_64_17.0.2.v20220201-1208\jre\bin\management.dll
0x00007ffd592b0000 - 0x00007ffd592bb000 	C:\Users\user\Downloads\sts-4.14.0.RELEASE\plugins\org.eclipse.justj.openjdk.hotspot.jre.full.win32.x86_64_17.0.2.v20220201-1208\jre\bin\management_ext.dll
0x00007ffd4da50000 - 0x00007ffd4da67000 	C:\WINDOWS\system32\napinsp.dll
0x00007ffd4da30000 - 0x00007ffd4da4b000 	C:\WINDOWS\system32\pnrpnsp.dll
0x00007ffd4da10000 - 0x00007ffd4da25000 	C:\WINDOWS\system32\wshbth.dll
0x00007ffd5ccd0000 - 0x00007ffd5cced000 	C:\WINDOWS\system32\NLAapi.dll
0x00007ffd635d0000 - 0x00007ffd6360b000 	C:\WINDOWS\SYSTEM32\IPHLPAPI.DLL
0x00007ffd63610000 - 0x00007ffd636db000 	C:\WINDOWS\SYSTEM32\DNSAPI.dll
0x00007ffd663f0000 - 0x00007ffd663f8000 	C:\WINDOWS\System32\NSI.dll
0x00007ffd4d9f0000 - 0x00007ffd4da02000 	C:\WINDOWS\System32\winrnr.dll
0x00007ffd53960000 - 0x00007ffd5396a000 	C:\Windows\System32\rasadhlp.dll
0x00007ffd53ad0000 - 0x00007ffd53b4f000 	C:\WINDOWS\System32\fwpuclnt.dll
0x00007ffd64210000 - 0x00007ffd64237000 	C:\WINDOWS\System32\bcrypt.dll
0x00007ffd63b20000 - 0x00007ffd63b38000 	C:\WINDOWS\SYSTEM32\CRYPTSP.dll
0x00007ffd63240000 - 0x00007ffd63274000 	C:\WINDOWS\system32\rsaenh.dll
0x00007ffd64020000 - 0x00007ffd6404e000 	C:\WINDOWS\SYSTEM32\USERENV.dll
0x00007ffd63b40000 - 0x00007ffd63b4c000 	C:\WINDOWS\SYSTEM32\CRYPTBASE.dll
0x00007ffd58b20000 - 0x00007ffd58b37000 	C:\WINDOWS\SYSTEM32\dhcpcsvc6.DLL
0x00007ffd59c30000 - 0x00007ffd59c4d000 	C:\WINDOWS\SYSTEM32\dhcpcsvc.DLL
0x00007ffd5a7f0000 - 0x00007ffd5a7fe000 	C:\Users\user\Downloads\sts-4.14.0.RELEASE\plugins\org.eclipse.justj.openjdk.hotspot.jre.full.win32.x86_64_17.0.2.v20220201-1208\jre\bin\sunmscapi.dll
0x00007ffd64240000 - 0x00007ffd64396000 	C:\WINDOWS\System32\CRYPT32.dll
0x00007ffd63c40000 - 0x00007ffd63c67000 	C:\WINDOWS\SYSTEM32\ncrypt.dll
0x00007ffd63c00000 - 0x00007ffd63c3b000 	C:\WINDOWS\SYSTEM32\NTASN1.dll
0x00007ffd5fe60000 - 0x00007ffd5fe67000 	C:\WINDOWS\system32\wshunix.dll

dbghelp: loaded successfully - version: 4.0.5 - missing functions: none
symbol engine: initialized successfully - sym options: 0x614 - pdb path: .;C:\Users\user\Downloads\sts-4.14.0.RELEASE\plugins\org.eclipse.justj.openjdk.hotspot.jre.full.win32.x86_64_17.0.2.v20220201-1208\jre\bin;C:\WINDOWS\SYSTEM32;C:\Program Files\Avast Software\Avast;C:\WINDOWS\WinSxS\amd64_microsoft.windows.common-controls_6595b64144ccf1df_6.0.19041.1110_none_60b5254171f9507e;C:\Users\user\Downloads\sts-4.14.0.RELEASE\plugins\org.eclipse.justj.openjdk.hotspot.jre.full.win32.x86_64_17.0.2.v20220201-1208\jre\bin\server

VM Arguments:
jvm_args: -Dfile.encoding=UTF-8 -XX:+ShowCodeDetailsInExceptionMessages 
java_command: basic.ProjetspringgApplication
java_class_path (initial): C:\Users\user\Desktop\spring boot tools\PROJETSPRINGG\target\classes;C:\Users\user\.m2\repository\org\springframework\boot\spring-boot-starter-data-jpa\2.6.7\spring-boot-starter-data-jpa-2.6.7.jar;C:\Users\user\.m2\repository\org\springframework\boot\spring-boot-starter-aop\2.6.7\spring-boot-starter-aop-2.6.7.jar;C:\Users\user\.m2\repository\org\springframework\spring-aop\5.3.19\spring-aop-5.3.19.jar;C:\Users\user\.m2\repository\org\aspectj\aspectjweaver\1.9.7\aspectjweaver-1.9.7.jar;C:\Users\user\.m2\repository\org\springframework\boot\spring-boot-starter-jdbc\2.6.7\spring-boot-starter-jdbc-2.6.7.jar;C:\Users\user\.m2\repository\com\zaxxer\HikariCP\4.0.3\HikariCP-4.0.3.jar;C:\Users\user\.m2\repository\org\springframework\spring-jdbc\5.3.19\spring-jdbc-5.3.19.jar;C:\Users\user\.m2\repository\jakarta\transaction\jakarta.transaction-api\1.3.3\jakarta.transaction-api-1.3.3.jar;C:\Users\user\.m2\repository\jakarta\persistence\jakarta.persistence-api\2.2.3\jakarta.persistence-api-2.2.3.jar;C:\Users\user\.m2\repository\org\hibernate\hibernate-core\5.6.8.Final\hibernate-core-5.6.8.Final.jar;C:\Users\user\.m2\repository\org\jboss\logging\jboss-logging\3.4.3.Final\jboss-logging-3.4.3.Final.jar;C:\Users\user\.m2\repository\net\bytebuddy\byte-buddy\1.11.22\byte-buddy-1.11.22.jar;C:\Users\user\.m2\repository\antlr\antlr\2.7.7\antlr-2.7.7.jar;C:\Users\user\.m2\repository\org\jboss\jandex\2.4.2.Final\jandex-2.4.2.Final.jar;C:\Users\user\.m2\repository\com\fasterxml\classmate\1.5.1\classmate-1.5.1.jar;C:\Users\user\.m2\repository\org\hibernate\common\hibernate-commons-annotations\5.1.2.Final\hibernate-commons-annotations-5.1.2.Final.jar;C:\Users\user\.m2\repository\org\glassfish\jaxb\jaxb-runtime\2.3.6\jaxb-runtime-2.3.6.jar;C:\Users\user\.m2\repository\org\glassfish\jaxb\txw2\2.3.6\txw2-2.3.6.jar;C:\Users\user\.m2\repository\com\sun\istack\istack-commons-runtime\3.0.12\istack-commons-runtime-3.0.12.jar;C:\Users\user\.m2\repository\org\springframework\
Launcher Type: SUN_STANDARD

[Global flags]
     intx CICompilerCount                          = 3                                         {product} {ergonomic}
     uint ConcGCThreads                            = 1                                         {product} {ergonomic}
     uint G1ConcRefinementThreads                  = 4                                         {product} {ergonomic}
   size_t G1HeapRegionSize                         = 1048576                                   {product} {ergonomic}
    uintx GCDrainStackTargetSize                   = 64                                        {product} {ergonomic}
   size_t InitialHeapSize                          = 67108864                                  {product} {ergonomic}
   size_t MarkStackSize                            = 4194304                                   {product} {ergonomic}
   size_t MaxHeapSize                              = 1048576000                                {product} {ergonomic}
   size_t MaxNewSize                               = 629145600                                 {product} {ergonomic}
   size_t MinHeapDeltaBytes                        = 1048576                                   {product} {ergonomic}
   size_t MinHeapSize                              = 8388608                                   {product} {ergonomic}
    uintx NonNMethodCodeHeapSize                   = 5832780                                {pd product} {ergonomic}
    uintx NonProfiledCodeHeapSize                  = 122912730                              {pd product} {ergonomic}
    uintx ProfiledCodeHeapSize                     = 122912730                              {pd product} {ergonomic}
    uintx ReservedCodeCacheSize                    = 251658240                              {pd product} {ergonomic}
     bool SegmentedCodeCache                       = true                                      {product} {ergonomic}
     bool ShowCodeDetailsInExceptionMessages       = true                                   {manageable} {command line}
   size_t SoftMaxHeapSize                          = 1048576000                             {manageable} {ergonomic}
     bool UseCompressedClassPointers               = true                           {product lp64_product} {ergonomic}
     bool UseCompressedOops                        = true                           {product lp64_product} {ergonomic}
     bool UseG1GC                                  = true                                      {product} {ergonomic}
     bool UseLargePagesIndividualAllocation        = false                                  {pd product} {ergonomic}

Logging:
Log output configuration:
 #0: stdout all=warning uptime,level,tags
 #1: stderr all=off uptime,level,tags

Environment Variables:
JAVA_HOME=C:\Program Files (x86)\Java\jre1.8.0_311
PATH=C:/Users/user/Downloads/sts-4.14.0.RELEASE//plugins/org.eclipse.justj.openjdk.hotspot.jre.full.win32.x86_64_17.0.2.v20220201-1208/jre/bin/server;C:/Users/user/Downloads/sts-4.14.0.RELEASE//plugins/org.eclipse.justj.openjdk.hotspot.jre.full.win32.x86_64_17.0.2.v20220201-1208/jre/bin;C:\oracle\WINDOWS.X64_193000_db_home\bin;C:\Program Files\Common Files\Oracle\Java\javapath;C:\Program Files (x86)\Common Files\Oracle\Java\javapath;C:\WINDOWS\system32;C:\WINDOWS;C:\WINDOWS\System32\Wbem;C:\WINDOWS\System32\WindowsPowerShell\v1.0\;C:\Program Files\Git\cmd;C:\Program Files\Microsoft SQL Server\Client SDK\ODBC\130\Tools\Binn\;C:\Program Files (x86)\Microsoft SQL Server\140\Tools\Binn\;C:\Program Files\Microsoft SQL Server\140\Tools\Binn\;C:\Program Files\Microsoft SQL Server\140\DTS\Binn\;C:\Program Files (x86)\Microsoft SQL Server\Client SDK\ODBC\130\Tools\Binn\;C:\Program Files (x86)\Microsoft SQL Server\130\Tools\Binn\;C:\Program Files (x86)\Microsoft SQL Server\130\DTS\Binn\;C:\Program Files (x86)\Microsoft SQL Server\130\Tools\Binn\ManagementStudio\;C:\Program Files\Microsoft SQL Server\130\Tools\Binn\;C:\WINDOWS\System32\OpenSSH\;C:\Program Files\dotnet\;C:\Program Files\Microsoft SQL Server\Client SDK\ODBC\170\Tools\Binn\;C:\Program Files\Microsoft SQL Server\150\Tools\Binn\;C:\Users\user\Desktop\apprendre la programation\html and css\node js\;C:\Users\user\AppData\Local\Programs\Microsoft VS Code\bin;C:\Users\user\AppData\Local\Microsoft\WindowsApps;C:\Users\user\.dotnet\tools;C:\Users\user\AppData\Roaming\npm;C:\maven\apache-maven-3.8.5\bin;C:\Users\user\AppData\Local\GitHubDesktop\bin;C:\Users\user\Downloads\sts-4.14.0.RELEASE;
USERNAME=user
OS=Windows_NT
PROCESSOR_IDENTIFIER=Intel64 Family 6 Model 69 Stepping 1, GenuineIntel



---------------  S Y S T E M  ---------------

OS:
 Windows 10 , 64 bit Build 19041 (10.0.19041.1645)
OS uptime: 1 days 6:02 hours

CPU: total 4 (initial active 4) (2 cores per cpu, 2 threads per core) family 6 model 69 stepping 1 microcode 0x25, cx8, cmov, fxsr, ht, mmx, sse, sse2, sse3, ssse3, sse4.1, sse4.2, popcnt, lzcnt, tsc, tscinvbit, avx, avx2, aes, erms, clmul, bmi1, bmi2, fma, vzeroupper, clflush

Memory: 4k page, system-wide physical 3993M (784M free)
TotalPageFile size 15160M (AvailPageFile size 2M)
current process WorkingSet (physical memory assigned to process): 32M, peak: 319M
current process commit charge ("private bytes"): 352M, peak: 381M

vm_info: OpenJDK 64-Bit Server VM (17.0.2+8) for windows-amd64 JRE (17.0.2+8), built on Jan 20 2022 04:52:34 by "" with MS VC++ 16.7 (VS2019)

END.
