#
# There is insufficient memory for the Java Runtime Environment to continue.
# Native memory allocation (malloc) failed to allocate 1765936 bytes for Chunk::new
# Possible reasons:
#   The system is out of physical RAM or swap space
#   The process is running with CompressedOops enabled, and the Java Heap may be blocking the growth of the native heap
# Possible solutions:
#   Reduce memory load on the system
#   Increase physical memory or swap space
#   Check if swap backing store is full
#   Decrease Java heap size (-Xmx/-Xms)
#   Decrease number of Java threads
#   Decrease Java thread stack sizes (-Xss)
#   Set larger code cache with -XX:ReservedCodeCacheSize=
#   JVM is running with Unscaled Compressed Oops mode in which the Java heap is
#     placed in the first 4GB address space. The Java Heap base address is the
#     maximum limit for the native heap growth. Please use -XX:HeapBaseMinAddress
#     to set the Java Heap base and to place the Java Heap above 4GB virtual address.
# This output file may be truncated or incomplete.
#
#  Out of Memory Error (arena.cpp:189), pid=12720, tid=10164
#
# JRE version: OpenJDK Runtime Environment Temurin-17.0.2+8 (17.0.2+8) (build 17.0.2+8)
# Java VM: OpenJDK 64-Bit Server VM Temurin-17.0.2+8 (17.0.2+8, mixed mode, tiered, compressed oops, compressed class ptrs, g1 gc, windows-amd64)
# No core dump will be written. Minidumps are not enabled by default on client versions of Windows
#

---------------  S U M M A R Y ------------

Command Line: -Dfile.encoding=UTF-8 -XX:+ShowCodeDetailsInExceptionMessages basic.ProjetspringgApplication

Host: Intel(R) Core(TM) i5-4300U CPU @ 1.90GHz, 4 cores, 3G,  Windows 10 , 64 bit Build 19041 (10.0.19041.1645)
Time: Sat May 14 17:24:39 2022 Maroc (heure d64 bit Build 19041 (10.0.19041.1645) elapsed time: 21.696021 seconds (0d 0h 0m 21s)

---------------  T H R E A D  ---------------

Current thread (0x000001f97b54be70):  JavaThread "C2 CompilerThread0" daemon [_thread_in_native, id=10164, stack(0x0000008e75600000,0x0000008e75700000)]


Current CompileTask:
C2:  21696 4957   !   4       org.springframework.core.annotation.AnnotationsScanner::processMethodHierarchy (276 bytes)

Stack: [0x0000008e75600000,0x0000008e75700000]
Native frames: (J=compiled Java code, j=interpreted, Vv=VM code, C=native code)
V  [jvm.dll+0x67564a]
V  [jvm.dll+0x82fc04]
V  [jvm.dll+0x8313ae]
V  [jvm.dll+0x831a13]
V  [jvm.dll+0x245235]
V  [jvm.dll+0xabd7b]
V  [jvm.dll+0xac30c]
V  [jvm.dll+0x3631a2]
V  [jvm.dll+0x32d891]
V  [jvm.dll+0x32cd3a]
V  [jvm.dll+0x2180d1]
V  [jvm.dll+0x2174f1]
V  [jvm.dll+0x1a3a8d]
V  [jvm.dll+0x226ef8]
V  [jvm.dll+0x22503c]
V  [jvm.dll+0x7e596b]
V  [jvm.dll+0x7dff2a]
V  [jvm.dll+0x6744d5]
C  [ucrtbase.dll+0x21bb2]
C  [KERNEL32.DLL+0x17034]
C  [ntdll.dll+0x52651]


---------------  P R O C E S S  ---------------

Threads class SMR info:
_java_thread_list=0x000001f97deda5f0, length=18, elements={
0x000001f97346f150, 0x000001f97b4ea140, 0x000001f97b4eb9d0, 0x000001f97b544510,
0x000001f97b5449e0, 0x000001f97b545390, 0x000001f97b54b190, 0x000001f97b54be70,
0x000001f97b598c00, 0x000001f97b5999a0, 0x000001f97c1277e0, 0x000001f97c145990,
0x000001f97e0f6030, 0x000001f97e3d3d40, 0x000001f97e3d4210, 0x000001f97e3d46e0,
0x000001f90f0663e0, 0x000001f97dcd6380
}

Java Threads: ( => current thread )
  0x000001f97346f150 JavaThread "main" [_thread_in_vm, id=11208, stack(0x0000008e74900000,0x0000008e74a00000)]
  0x000001f97b4ea140 JavaThread "Reference Handler" daemon [_thread_blocked, id=8068, stack(0x0000008e75000000,0x0000008e75100000)]
  0x000001f97b4eb9d0 JavaThread "Finalizer" daemon [_thread_blocked, id=4868, stack(0x0000008e75100000,0x0000008e75200000)]
  0x000001f97b544510 JavaThread "Signal Dispatcher" daemon [_thread_blocked, id=960, stack(0x0000008e75200000,0x0000008e75300000)]
  0x000001f97b5449e0 JavaThread "Attach Listener" daemon [_thread_blocked, id=14528, stack(0x0000008e75300000,0x0000008e75400000)]
  0x000001f97b545390 JavaThread "Service Thread" daemon [_thread_blocked, id=16244, stack(0x0000008e75400000,0x0000008e75500000)]
  0x000001f97b54b190 JavaThread "Monitor Deflation Thread" daemon [_thread_blocked, id=10988, stack(0x0000008e75500000,0x0000008e75600000)]
=>0x000001f97b54be70 JavaThread "C2 CompilerThread0" daemon [_thread_in_native, id=10164, stack(0x0000008e75600000,0x0000008e75700000)]
  0x000001f97b598c00 JavaThread "C1 CompilerThread0" daemon [_thread_blocked, id=2608, stack(0x0000008e75700000,0x0000008e75800000)]
  0x000001f97b5999a0 JavaThread "Sweeper thread" daemon [_thread_blocked, id=15980, stack(0x0000008e75800000,0x0000008e75900000)]
  0x000001f97c1277e0 JavaThread "Notification Thread" daemon [_thread_blocked, id=9884, stack(0x0000008e75900000,0x0000008e75a00000)]
  0x000001f97c145990 JavaThread "Common-Cleaner" daemon [_thread_blocked, id=15836, stack(0x0000008e75b00000,0x0000008e75c00000)]
  0x000001f97e0f6030 JavaThread "Catalina-utility-1" [_thread_blocked, id=10336, stack(0x0000008e76000000,0x0000008e76100000)]
  0x000001f97e3d3d40 JavaThread "Catalina-utility-2" [_thread_blocked, id=10348, stack(0x0000008e76100000,0x0000008e76200000)]
  0x000001f97e3d4210 JavaThread "container-0" [_thread_blocked, id=11188, stack(0x0000008e76200000,0x0000008e76300000)]
  0x000001f97e3d46e0 JavaThread "mysql-cj-abandoned-connection-cleanup" daemon [_thread_blocked, id=13064, stack(0x0000008e76300000,0x0000008e76400000)]
  0x000001f90f0663e0 JavaThread "HikariPool-1 housekeeper" daemon [_thread_blocked, id=13712, stack(0x0000008e76500000,0x0000008e76600000)]
  0x000001f97dcd6380 JavaThread "HikariPool-1 connection adder" daemon [_thread_blocked, id=14908, stack(0x0000008e76600000,0x0000008e76700000)]

Other Threads:
  0x000001f9735277f0 VMThread "VM Thread" [stack: 0x0000008e74f00000,0x0000008e75000000] [id=10296]
  0x000001f97c137cf0 WatcherThread [stack: 0x0000008e75a00000,0x0000008e75b00000] [id=14360]
  0x000001f97349f690 GCTaskThread "GC Thread#0" [stack: 0x0000008e74a00000,0x0000008e74b00000] [id=1804]
  0x000001f97cab9d80 GCTaskThread "GC Thread#1" [stack: 0x0000008e75c00000,0x0000008e75d00000] [id=15508]
  0x000001f97c8425a0 GCTaskThread "GC Thread#2" [stack: 0x0000008e75d00000,0x0000008e75e00000] [id=10728]
  0x000001f97caa58d0 GCTaskThread "GC Thread#3" [stack: 0x0000008e75e00000,0x0000008e75f00000] [id=15496]
  0x000001f9734a9b50 ConcurrentGCThread "G1 Main Marker" [stack: 0x0000008e74b00000,0x0000008e74c00000] [id=2904]
  0x000001f9734ab570 ConcurrentGCThread "G1 Conc#0" [stack: 0x0000008e74c00000,0x0000008e74d00000] [id=1144]
  0x000001f9734fb650 ConcurrentGCThread "G1 Refine#0" [stack: 0x0000008e74d00000,0x0000008e74e00000] [id=16200]
  0x000001f97cac9d10 ConcurrentGCThread "G1 Refine#1" [stack: 0x0000008e75f00000,0x0000008e76000000] [id=15668]
  0x000001f9734fc810 ConcurrentGCThread "G1 Service" [stack: 0x0000008e74e00000,0x0000008e74f00000] [id=9096]

Threads with active compile tasks:
C2 CompilerThread0    21790 4957   !   4       org.springframework.core.annotation.AnnotationsScanner::processMethodHierarchy (276 bytes)

VM state: not at safepoint (normal execution)

VM Mutex/Monitor currently owned by a thread: None

Heap address: 0x00000000c1800000, size: 1000 MB, Compressed Oops mode: 32-bit

CDS archive(s) not mapped
Compressed class space mapped at: 0x0000000100000000-0x0000000140000000, reserved size: 1073741824
Narrow klass base: 0x0000000000000000, Narrow klass shift: 3, Narrow klass range: 0x140000000

GC Precious Log:
 CPUs: 4 total, 4 available
 Memory: 3993M
 Large Page Support: Disabled
 NUMA Support: Disabled
 Compressed Oops: Enabled (32-bit)
 Heap Region Size: 1M
 Heap Min Capacity: 8M
 Heap Initial Capacity: 64M
 Heap Max Capacity: 1000M
 Pre-touch: Disabled
 Parallel Workers: 4
 Concurrent Workers: 1
 Concurrent Refinement Workers: 4
 Periodic GC: Disabled

Heap:
 garbage-first heap   total 43008K, used 27438K [0x00000000c1800000, 0x0000000100000000)
  region size 1024K, 7 young (7168K), 2 survivors (2048K)
 Metaspace       used 59945K, committed 60224K, reserved 1105920K
  class space    used 7676K, committed 7808K, reserved 1048576K

Heap Regions: E=young(eden), S=young(survivor), O=old, HS=humongous(starts), HC=humongous(continues), CS=collection set, F=free, OA=open archive, CA=closed archive, TAMS=top-at-mark-start (previous, next)
|   0|0x00000000c1800000, 0x00000000c1900000, 0x00000000c1900000|100%|HS|  |TAMS 0x00000000c1900000, 0x00000000c1800000| Complete 
|   1|0x00000000c1900000, 0x00000000c1a00000, 0x00000000c1a00000|100%| O|  |TAMS 0x00000000c1a00000, 0x00000000c1900000| Untracked 
|   2|0x00000000c1a00000, 0x00000000c1b00000, 0x00000000c1b00000|100%| O|  |TAMS 0x00000000c1b00000, 0x00000000c1a00000| Untracked 
|   3|0x00000000c1b00000, 0x00000000c1c00000, 0x00000000c1c00000|100%| O|  |TAMS 0x00000000c1c00000, 0x00000000c1b00000| Untracked 
|   4|0x00000000c1c00000, 0x00000000c1d00000, 0x00000000c1d00000|100%| O|  |TAMS 0x00000000c1d00000, 0x00000000c1c00000| Untracked 
|   5|0x00000000c1d00000, 0x00000000c1e00000, 0x00000000c1e00000|100%| O|  |TAMS 0x00000000c1e00000, 0x00000000c1d00000| Untracked 
|   6|0x00000000c1e00000, 0x00000000c1eb3c00, 0x00000000c1f00000| 70%| O|  |TAMS 0x00000000c1eb3c00, 0x00000000c1e00000| Untracked 
|   7|0x00000000c1f00000, 0x00000000c2000000, 0x00000000c2000000|100%| O|  |TAMS 0x00000000c2000000, 0x00000000c1f00000| Untracked 
|   8|0x00000000c2000000, 0x00000000c2100000, 0x00000000c2100000|100%| O|  |TAMS 0x00000000c2100000, 0x00000000c2000000| Untracked 
|   9|0x00000000c2100000, 0x00000000c2200000, 0x00000000c2200000|100%| O|  |TAMS 0x00000000c2200000, 0x00000000c2100000| Untracked 
|  10|0x00000000c2200000, 0x00000000c2300000, 0x00000000c2300000|100%| O|  |TAMS 0x00000000c2300000, 0x00000000c2200000| Untracked 
|  11|0x00000000c2300000, 0x00000000c2400000, 0x00000000c2400000|100%| O|  |TAMS 0x00000000c2400000, 0x00000000c2300000| Untracked 
|  12|0x00000000c2400000, 0x00000000c2500000, 0x00000000c2500000|100%| O|  |TAMS 0x00000000c2500000, 0x00000000c2400000| Untracked 
|  13|0x00000000c2500000, 0x00000000c2600000, 0x00000000c2600000|100%| O|  |TAMS 0x00000000c2600000, 0x00000000c2500000| Untracked 
|  14|0x00000000c2600000, 0x00000000c2700000, 0x00000000c2700000|100%| O|  |TAMS 0x00000000c2700000, 0x00000000c2600000| Untracked 
|  15|0x00000000c2700000, 0x00000000c2800000, 0x00000000c2800000|100%| O|  |TAMS 0x00000000c2800000, 0x00000000c2700000| Untracked 
|  16|0x00000000c2800000, 0x00000000c2900000, 0x00000000c2900000|100%| O|  |TAMS 0x00000000c2900000, 0x00000000c2800000| Untracked 
|  17|0x00000000c2900000, 0x00000000c2a00000, 0x00000000c2a00000|100%| O|  |TAMS 0x00000000c2a00000, 0x00000000c2900000| Untracked 
|  18|0x00000000c2a00000, 0x00000000c2b00000, 0x00000000c2b00000|100%| O|  |TAMS 0x00000000c2b00000, 0x00000000c2a00000| Untracked 
|  19|0x00000000c2b00000, 0x00000000c2c00000, 0x00000000c2c00000|100%| O|  |TAMS 0x00000000c2c00000, 0x00000000c2b00000| Untracked 
|  20|0x00000000c2c00000, 0x00000000c2d00000, 0x00000000c2d00000|100%| O|  |TAMS 0x00000000c2cc2e00, 0x00000000c2c00000| Untracked 
|  21|0x00000000c2d00000, 0x00000000c2dc3c00, 0x00000000c2e00000| 76%| O|  |TAMS 0x00000000c2d00000, 0x00000000c2d00000| Untracked 
|  22|0x00000000c2e00000, 0x00000000c2e00000, 0x00000000c2f00000|  0%| F|  |TAMS 0x00000000c2e00000, 0x00000000c2e00000| Untracked 
|  23|0x00000000c2f00000, 0x00000000c2f00000, 0x00000000c3000000|  0%| F|  |TAMS 0x00000000c2f00000, 0x00000000c2f00000| Untracked 
|  24|0x00000000c3000000, 0x00000000c3000000, 0x00000000c3100000|  0%| F|  |TAMS 0x00000000c3000000, 0x00000000c3000000| Untracked 
|  25|0x00000000c3100000, 0x00000000c3100000, 0x00000000c3200000|  0%| F|  |TAMS 0x00000000c3100000, 0x00000000c3100000| Untracked 
|  26|0x00000000c3200000, 0x00000000c32542c0, 0x00000000c3300000| 32%| S|CS|TAMS 0x00000000c3200000, 0x00000000c3200000| Complete 
|  27|0x00000000c3300000, 0x00000000c3300000, 0x00000000c3400000|  0%| F|  |TAMS 0x00000000c3300000, 0x00000000c3300000| Untracked 
|  28|0x00000000c3400000, 0x00000000c3400000, 0x00000000c3500000|  0%| F|  |TAMS 0x00000000c3400000, 0x00000000c3400000| Untracked 
|  29|0x00000000c3500000, 0x00000000c3600000, 0x00000000c3600000|100%| S|CS|TAMS 0x00000000c3500000, 0x00000000c3500000| Complete 
|  30|0x00000000c3600000, 0x00000000c3600000, 0x00000000c3700000|  0%| F|  |TAMS 0x00000000c3600000, 0x00000000c3600000| Untracked 
|  31|0x00000000c3700000, 0x00000000c3700000, 0x00000000c3800000|  0%| F|  |TAMS 0x00000000c3700000, 0x00000000c3700000| Untracked 
|  32|0x00000000c3800000, 0x00000000c3800000, 0x00000000c3900000|  0%| F|  |TAMS 0x00000000c3800000, 0x00000000c3800000| Untracked 
|  33|0x00000000c3900000, 0x00000000c3900000, 0x00000000c3a00000|  0%| F|  |TAMS 0x00000000c3900000, 0x00000000c3900000| Untracked 
|  34|0x00000000c3a00000, 0x00000000c3a00000, 0x00000000c3b00000|  0%| F|  |TAMS 0x00000000c3a00000, 0x00000000c3a00000| Untracked 
|  35|0x00000000c3b00000, 0x00000000c3b00000, 0x00000000c3c00000|  0%| F|  |TAMS 0x00000000c3b00000, 0x00000000c3b00000| Untracked 
|  36|0x00000000c3c00000, 0x00000000c3c00000, 0x00000000c3d00000|  0%| F|  |TAMS 0x00000000c3c00000, 0x00000000c3c00000| Untracked 
|  57|0x00000000c5100000, 0x00000000c51aee68, 0x00000000c5200000| 68%| E|  |TAMS 0x00000000c5100000, 0x00000000c5100000| Complete 
|  58|0x00000000c5200000, 0x00000000c5300000, 0x00000000c5300000|100%| E|CS|TAMS 0x00000000c5200000, 0x00000000c5200000| Complete 
|  59|0x00000000c5300000, 0x00000000c5400000, 0x00000000c5400000|100%| E|CS|TAMS 0x00000000c5300000, 0x00000000c5300000| Complete 
|  62|0x00000000c5600000, 0x00000000c5700000, 0x00000000c5700000|100%| E|CS|TAMS 0x00000000c5600000, 0x00000000c5600000| Complete 
|  63|0x00000000c5700000, 0x00000000c5800000, 0x00000000c5800000|100%| E|CS|TAMS 0x00000000c5700000, 0x00000000c5700000| Complete 

Card table byte_map: [0x000001f976d20000,0x000001f976f20000] _byte_map_base: 0x000001f976714000

Marking Bits (Prev, Next): (CMBitMap*) 0x000001f9734a0cf0, (CMBitMap*) 0x000001f9734a0cb0
 Prev Bits: [0x000001f9780c0000, 0x000001f979060000)
 Next Bits: [0x000001f977120000, 0x000001f9780c0000)

Polling page: 0x000001f9713b0000

Metaspace:

Usage:
  Non-class:     51.10 MB used.
      Class:      7.50 MB used.
       Both:     58.60 MB used.

Virtual space:
  Non-class space:       56.00 MB reserved,      51.25 MB ( 92%) committed,  7 nodes.
      Class space:        1.00 GB reserved,       7.62 MB ( <1%) committed,  1 nodes.
             Both:        1.05 GB reserved,      58.88 MB (  5%) committed. 

Chunk freelists:
   Non-Class:  576.00 KB
       Class:  394.00 KB
        Both:  970.00 KB

MaxMetaspaceSize: unlimited
CompressedClassSpaceSize: 1.00 GB
Initial GC threshold: 21.00 MB
Current GC threshold: 97.94 MB
CDS: off
MetaspaceReclaimPolicy: balanced
 - commit_granule_bytes: 65536.
 - commit_granule_words: 8192.
 - virtual_space_node_default_size: 1048576.
 - enlarge_chunks_in_place: 1.
 - new_chunks_are_fully_committed: 0.
 - uncommit_free_chunks: 1.
 - use_allocation_guard: 0.
 - handle_deallocations: 1.


Internal statistics:

num_allocs_failed_limit: 8.
num_arena_births: 376.
num_arena_deaths: 0.
num_vsnodes_births: 8.
num_vsnodes_deaths: 0.
num_space_committed: 942.
num_space_uncommitted: 0.
num_chunks_returned_to_freelist: 8.
num_chunks_taken_from_freelist: 2132.
num_chunk_merges: 8.
num_chunk_splits: 1545.
num_chunks_enlarged: 1272.
num_purges: 0.
num_inconsistent_stats: 0.

CodeHeap 'non-profiled nmethods': size=120000Kb used=2764Kb max_used=2764Kb free=117235Kb
 bounds [0x000001f907ad0000, 0x000001f907d90000, 0x000001f90f000000]
CodeHeap 'profiled nmethods': size=120000Kb used=10631Kb max_used=10631Kb free=109368Kb
 bounds [0x000001f9005a0000, 0x000001f901010000, 0x000001f907ad0000]
CodeHeap 'non-nmethods': size=5760Kb used=1280Kb max_used=1320Kb free=4479Kb
 bounds [0x000001f900000000, 0x000001f900270000, 0x000001f9005a0000]
 total_blobs=5625 nmethods=5026 adapters=510
 compilation: enabled
              stopped_count=0, restarted_count=0
 full_count=0

Compilation events (20 events):
Event: 21.653 Thread 0x000001f97b598c00 5042       2       org.springframework.util.ConcurrentReferenceHashMap::<init> (176 bytes)
Event: 21.654 Thread 0x000001f97b598c00 nmethod 5042 0x000001f900ff8290 code [0x000001f900ff84c0, 0x000001f900ff8dd8]
Event: 21.655 Thread 0x000001f97b598c00 5043       2       org.springframework.util.ReflectionUtils::isEqualsMethod (47 bytes)
Event: 21.656 Thread 0x000001f97b598c00 nmethod 5043 0x000001f900ff9290 code [0x000001f900ff9460, 0x000001f900ff96d8]
Event: 21.656 Thread 0x000001f97b598c00 5044       2       org.springframework.util.ReflectionUtils::isHashCodeMethod (29 bytes)
Event: 21.656 Thread 0x000001f97b598c00 nmethod 5044 0x000001f900ff9890 code [0x000001f900ff9a40, 0x000001f900ff9ba8]
Event: 21.656 Thread 0x000001f97b598c00 5045       2       org.springframework.data.repository.core.support.DefaultRepositoryInformation::isCustomMethod (17 bytes)
Event: 21.657 Thread 0x000001f97b598c00 nmethod 5045 0x000001f900ff9c90 code [0x000001f900ff9e40, 0x000001f900ffa098]
Event: 21.665 Thread 0x000001f97b598c00 5046       2       java.util.stream.FindOps$FindSink::accept (18 bytes)
Event: 21.665 Thread 0x000001f97b598c00 nmethod 5046 0x000001f900ffa210 code [0x000001f900ffa3a0, 0x000001f900ffa4f8]
Event: 21.666 Thread 0x000001f97b598c00 5048       2       org.springframework.core.annotation.TypeMappedAnnotations::get (52 bytes)
Event: 21.667 Thread 0x000001f97b598c00 nmethod 5048 0x000001f900ffa590 code [0x000001f900ffa760, 0x000001f900ffaa28]
Event: 21.671 Thread 0x000001f97b598c00 5050       2       org.springframework.core.annotation.TypeMappedAnnotation::withNonMergedAttributes (45 bytes)
Event: 21.671 Thread 0x000001f97b598c00 nmethod 5050 0x000001f900ffab90 code [0x000001f900ffad20, 0x000001f900ffaf08]
Event: 21.671 Thread 0x000001f97b598c00 5051       2       org.springframework.data.repository.core.support.DefaultRepositoryInformation::getQueryMethods (77 bytes)
Event: 21.672 Thread 0x000001f97b598c00 nmethod 5051 0x000001f900ffb010 code [0x000001f900ffb240, 0x000001f900ffb878]
Event: 21.675 Thread 0x000001f97b598c00 5052       2       jdk.internal.reflect.ByteVectorImpl::resize (44 bytes)
Event: 21.675 Thread 0x000001f97b598c00 nmethod 5052 0x000001f900ffbc10 code [0x000001f900ffbdc0, 0x000001f900ffc068]
Event: 21.680 Thread 0x000001f97b598c00 5053       2       org.springframework.core.annotation.TypeMappedAnnotation::createIfPossible (15 bytes)
Event: 21.680 Thread 0x000001f97b598c00 nmethod 5053 0x000001f900ffc190 code [0x000001f900ffc320, 0x000001f900ffc428]

GC Heap History (20 events):
Event: 13.159 GC heap before
{Heap before GC invocations=9 (full 0):
 garbage-first heap   total 40960K, used 20372K [0x00000000c1800000, 0x0000000100000000)
  region size 1024K, 9 young (9216K), 3 survivors (3072K)
 Metaspace       used 35996K, committed 36288K, reserved 1081344K
  class space    used 4184K, committed 4352K, reserved 1048576K
}
Event: 13.169 GC heap after
{Heap after GC invocations=10 (full 0):
 garbage-first heap   total 40960K, used 15874K [0x00000000c1800000, 0x0000000100000000)
  region size 1024K, 1 young (1024K), 1 survivors (1024K)
 Metaspace       used 35996K, committed 36288K, reserved 1081344K
  class space    used 4184K, committed 4352K, reserved 1048576K
}
Event: 14.454 GC heap before
{Heap before GC invocations=11 (full 0):
 garbage-first heap   total 40960K, used 30210K [0x00000000c1800000, 0x0000000100000000)
  region size 1024K, 15 young (15360K), 1 survivors (1024K)
 Metaspace       used 38098K, committed 38336K, reserved 1089536K
  class space    used 4497K, committed 4608K, reserved 1048576K
}
Event: 14.458 GC heap after
{Heap after GC invocations=12 (full 0):
 garbage-first heap   total 40960K, used 16723K [0x00000000c1800000, 0x0000000100000000)
  region size 1024K, 2 young (2048K), 2 survivors (2048K)
 Metaspace       used 38098K, committed 38336K, reserved 1089536K
  class space    used 4497K, committed 4608K, reserved 1048576K
}
Event: 15.648 GC heap before
{Heap before GC invocations=12 (full 0):
 garbage-first heap   total 40960K, used 30035K [0x00000000c1800000, 0x0000000100000000)
  region size 1024K, 15 young (15360K), 2 survivors (2048K)
 Metaspace       used 41607K, committed 41920K, reserved 1089536K
  class space    used 5014K, committed 5120K, reserved 1048576K
}
Event: 15.653 GC heap after
{Heap after GC invocations=13 (full 0):
 garbage-first heap   total 40960K, used 17486K [0x00000000c1800000, 0x0000000100000000)
  region size 1024K, 1 young (1024K), 1 survivors (1024K)
 Metaspace       used 41607K, committed 41920K, reserved 1089536K
  class space    used 5014K, committed 5120K, reserved 1048576K
}
Event: 16.548 GC heap before
{Heap before GC invocations=13 (full 0):
 garbage-first heap   total 40960K, used 29774K [0x00000000c1800000, 0x0000000100000000)
  region size 1024K, 14 young (14336K), 1 survivors (1024K)
 Metaspace       used 45963K, committed 46272K, reserved 1097728K
  class space    used 5631K, committed 5760K, reserved 1048576K
}
Event: 16.552 GC heap after
{Heap after GC invocations=14 (full 0):
 garbage-first heap   total 40960K, used 18703K [0x00000000c1800000, 0x0000000100000000)
  region size 1024K, 2 young (2048K), 2 survivors (2048K)
 Metaspace       used 45963K, committed 46272K, reserved 1097728K
  class space    used 5631K, committed 5760K, reserved 1048576K
}
Event: 17.644 GC heap before
{Heap before GC invocations=14 (full 0):
 garbage-first heap   total 40960K, used 32015K [0x00000000c1800000, 0x0000000100000000)
  region size 1024K, 15 young (15360K), 2 survivors (2048K)
 Metaspace       used 49403K, committed 49792K, reserved 1097728K
  class space    used 6149K, committed 6336K, reserved 1048576K
}
Event: 17.650 GC heap after
{Heap after GC invocations=15 (full 0):
 garbage-first heap   total 40960K, used 20187K [0x00000000c1800000, 0x0000000100000000)
  region size 1024K, 2 young (2048K), 2 survivors (2048K)
 Metaspace       used 49403K, committed 49792K, reserved 1097728K
  class space    used 6149K, committed 6336K, reserved 1048576K
}
Event: 18.515 GC heap before
{Heap before GC invocations=15 (full 0):
 garbage-first heap   total 40960K, used 30427K [0x00000000c1800000, 0x0000000100000000)
  region size 1024K, 13 young (13312K), 2 survivors (2048K)
 Metaspace       used 52733K, committed 53056K, reserved 1097728K
  class space    used 6675K, committed 6848K, reserved 1048576K
}
Event: 18.521 GC heap after
{Heap after GC invocations=16 (full 0):
 garbage-first heap   total 40960K, used 20728K [0x00000000c1800000, 0x0000000100000000)
  region size 1024K, 1 young (1024K), 1 survivors (1024K)
 Metaspace       used 52733K, committed 53056K, reserved 1097728K
  class space    used 6675K, committed 6848K, reserved 1048576K
}
Event: 19.520 GC heap before
{Heap before GC invocations=17 (full 0):
 garbage-first heap   total 40960K, used 31992K [0x00000000c1800000, 0x0000000100000000)
  region size 1024K, 12 young (12288K), 1 survivors (1024K)
 Metaspace       used 54402K, committed 54720K, reserved 1097728K
  class space    used 6940K, committed 7104K, reserved 1048576K
}
Event: 19.523 GC heap after
{Heap after GC invocations=18 (full 0):
 garbage-first heap   total 40960K, used 21009K [0x00000000c1800000, 0x0000000100000000)
  region size 1024K, 1 young (1024K), 1 survivors (1024K)
 Metaspace       used 54402K, committed 54720K, reserved 1097728K
  class space    used 6940K, committed 7104K, reserved 1048576K
}
Event: 20.489 GC heap before
{Heap before GC invocations=18 (full 0):
 garbage-first heap   total 40960K, used 33297K [0x00000000c1800000, 0x0000000100000000)
  region size 1024K, 13 young (13312K), 1 survivors (1024K)
 Metaspace       used 57132K, committed 57472K, reserved 1105920K
  class space    used 7260K, committed 7424K, reserved 1048576K
}
Event: 20.494 GC heap after
{Heap after GC invocations=19 (full 0):
 garbage-first heap   total 40960K, used 22002K [0x00000000c1800000, 0x0000000100000000)
  region size 1024K, 2 young (2048K), 2 survivors (2048K)
 Metaspace       used 57132K, committed 57472K, reserved 1105920K
  class space    used 7260K, committed 7424K, reserved 1048576K
}
Event: 21.188 GC heap before
{Heap before GC invocations=20 (full 0):
 garbage-first heap   total 40960K, used 33266K [0x00000000c1800000, 0x0000000100000000)
  region size 1024K, 13 young (13312K), 2 survivors (2048K)
 Metaspace       used 58316K, committed 58688K, reserved 1105920K
  class space    used 7451K, committed 7616K, reserved 1048576K
}
Event: 21.194 GC heap after
{Heap after GC invocations=21 (full 0):
 garbage-first heap   total 40960K, used 22773K [0x00000000c1800000, 0x0000000100000000)
  region size 1024K, 2 young (2048K), 2 survivors (2048K)
 Metaspace       used 58316K, committed 58688K, reserved 1105920K
  class space    used 7451K, committed 7616K, reserved 1048576K
}
Event: 21.566 GC heap before
{Heap before GC invocations=21 (full 0):
 garbage-first heap   total 40960K, used 33013K [0x00000000c1800000, 0x0000000100000000)
  region size 1024K, 12 young (12288K), 2 survivors (2048K)
 Metaspace       used 59765K, committed 60096K, reserved 1105920K
  class space    used 7654K, committed 7808K, reserved 1048576K
}
Event: 21.572 GC heap after
{Heap after GC invocations=22 (full 0):
 garbage-first heap   total 40960K, used 23342K [0x00000000c1800000, 0x0000000100000000)
  region size 1024K, 2 young (2048K), 2 survivors (2048K)
 Metaspace       used 59765K, committed 60096K, reserved 1105920K
  class space    used 7654K, committed 7808K, reserved 1048576K
}

Deoptimization events (20 events):
Event: 20.670 Thread 0x000001f97346f150 Uncommon trap: trap_request=0xffffff54 fr.pc=0x000001f907b4db4c relative=0x000000000000020c
Event: 20.670 Thread 0x000001f97346f150 Uncommon trap: reason=speculate_null_assert action=make_not_entrant pc=0x000001f907b4db4c method=org.springframework.util.ConcurrentReferenceHashMap$Segment.restructureIfNecessary(Z)V @ 41 c2
Event: 20.670 Thread 0x000001f97346f150 DEOPT PACKING pc=0x000001f907b4db4c sp=0x0000008e749fc7e0
Event: 20.670 Thread 0x000001f97346f150 DEOPT UNPACKING pc=0x000001f9000523a3 sp=0x0000008e749fc7a8 mode 2
Event: 20.691 Thread 0x000001f97346f150 DEOPT PACKING pc=0x000001f90079531b sp=0x0000008e749fbe80
Event: 20.691 Thread 0x000001f97346f150 DEOPT UNPACKING pc=0x000001f900052b43 sp=0x0000008e749fb2f0 mode 0
Event: 21.254 Thread 0x000001f97346f150 DEOPT PACKING pc=0x000001f90079531b sp=0x0000008e749fba10
Event: 21.254 Thread 0x000001f97346f150 DEOPT UNPACKING pc=0x000001f900052b43 sp=0x0000008e749fae80 mode 0
Event: 21.484 Thread 0x000001f97346f150 Uncommon trap: trap_request=0xffffff45 fr.pc=0x000001f907b564e0 relative=0x0000000000001280
Event: 21.484 Thread 0x000001f97346f150 Uncommon trap: reason=unstable_if action=reinterpret pc=0x000001f907b564e0 method=java.util.concurrent.ConcurrentHashMap.transfer([Ljava/util/concurrent/ConcurrentHashMap$Node;[Ljava/util/concurrent/ConcurrentHashMap$Node;)V @ 352 c2
Event: 21.484 Thread 0x000001f97346f150 DEOPT PACKING pc=0x000001f907b564e0 sp=0x0000008e749fcaa0
Event: 21.485 Thread 0x000001f97346f150 DEOPT UNPACKING pc=0x000001f9000523a3 sp=0x0000008e749fca28 mode 2
Event: 21.544 Thread 0x000001f97346f150 Uncommon trap: trap_request=0xffffff45 fr.pc=0x000001f907d60f98 relative=0x00000000000001b8
Event: 21.544 Thread 0x000001f97346f150 Uncommon trap: reason=unstable_if action=reinterpret pc=0x000001f907d60f98 method=org.springframework.core.annotation.AnnotationsScanner.isWithoutHierarchy(Ljava/lang/reflect/AnnotatedElement;Lorg/springframework/core/annotation/MergedAnnotations$SearchSt
Event: 21.544 Thread 0x000001f97346f150 DEOPT PACKING pc=0x000001f907d60f98 sp=0x0000008e749fc920
Event: 21.544 Thread 0x000001f97346f150 DEOPT UNPACKING pc=0x000001f9000523a3 sp=0x0000008e749fc8a0 mode 2
Event: 21.662 Thread 0x000001f97346f150 Uncommon trap: trap_request=0xffffff45 fr.pc=0x000001f907d6a234 relative=0x0000000000003754
Event: 21.662 Thread 0x000001f97346f150 Uncommon trap: reason=unstable_if action=reinterpret pc=0x000001f907d6a234 method=org.springframework.core.annotation.AnnotationsScanner.processMethodHierarchy(Ljava/lang/Object;[ILjava/lang/Class;Lorg/springframework/core/annotation/AnnotationsProcessor;
Event: 21.662 Thread 0x000001f97346f150 DEOPT PACKING pc=0x000001f907d6a234 sp=0x0000008e749fc760
Event: 21.663 Thread 0x000001f97346f150 DEOPT UNPACKING pc=0x000001f9000523a3 sp=0x0000008e749fc530 mode 2

Classes unloaded (0 events):
No events

Classes redefined (0 events):
No events

Internal exceptions (20 events):
Event: 20.046 Thread 0x000001f97346f150 Exception <a 'java/lang/ClassNotFoundException'{0x00000000c3801ea0}: org/springframework/beans/factory/InitializingBeanCustomizer> (0x00000000c3801ea0) 
thrown [e:\jenkins\tmp\workspace\build\src\src\hotspot\share\classfile\systemDictionary.cpp, line 256]
Event: 20.299 Thread 0x000001f97346f150 Implicit null exception at 0x000001f907d5257e to 0x000001f907d54e60
Event: 20.658 Thread 0x000001f97346f150 Exception <a 'java/lang/ClassNotFoundException'{0x00000000c5357750}: java/lang/ObjectCustomizer> (0x00000000c5357750) 
thrown [e:\jenkins\tmp\workspace\build\src\src\hotspot\share\classfile\systemDictionary.cpp, line 256]
Event: 20.659 Thread 0x000001f97346f150 Exception <a 'java/lang/ClassNotFoundException'{0x00000000c535dbe0}: basic/module/DepartementCustomizer> (0x00000000c535dbe0) 
thrown [e:\jenkins\tmp\workspace\build\src\src\hotspot\share\classfile\systemDictionary.cpp, line 256]
Event: 20.709 Thread 0x000001f97346f150 Exception <a 'java/lang/NoSuchMethodError'{0x00000000c525f2b0}: 'int java.lang.invoke.DirectMethodHandle$Holder.invokeVirtual(java.lang.Object, java.lang.Object, java.lang.Object)'> (0x00000000c525f2b0) 
thrown [e:\jenkins\tmp\workspace\build\src\src\hotspot\share\interpreter\linkResolver.cpp, line 766]
Event: 20.727 Thread 0x000001f97346f150 Exception <a 'java/lang/ClassNotFoundException'{0x00000000c52bc820}: java/lang/ObjectCustomizer> (0x00000000c52bc820) 
thrown [e:\jenkins\tmp\workspace\build\src\src\hotspot\share\classfile\systemDictionary.cpp, line 256]
Event: 20.728 Thread 0x000001f97346f150 Exception <a 'java/lang/ClassNotFoundException'{0x00000000c52c2b80}: basic/module/ProfCustomizer> (0x00000000c52c2b80) 
thrown [e:\jenkins\tmp\workspace\build\src\src\hotspot\share\classfile\systemDictionary.cpp, line 256]
Event: 20.742 Thread 0x000001f97346f150 Exception <a 'java/lang/ClassNotFoundException'{0x00000000c51223f0}: java/lang/ObjectCustomizer> (0x00000000c51223f0) 
thrown [e:\jenkins\tmp\workspace\build\src\src\hotspot\share\classfile\systemDictionary.cpp, line 256]
Event: 20.743 Thread 0x000001f97346f150 Exception <a 'java/lang/ClassNotFoundException'{0x00000000c5128f78}: basic/module/PfeInfoCustomizer> (0x00000000c5128f78) 
thrown [e:\jenkins\tmp\workspace\build\src\src\hotspot\share\classfile\systemDictionary.cpp, line 256]
Event: 20.751 Thread 0x000001f97346f150 Exception <a 'java/lang/ClassNotFoundException'{0x00000000c517f9e8}: java/lang/ObjectCustomizer> (0x00000000c517f9e8) 
thrown [e:\jenkins\tmp\workspace\build\src\src\hotspot\share\classfile\systemDictionary.cpp, line 256]
Event: 20.752 Thread 0x000001f97346f150 Exception <a 'java/lang/ClassNotFoundException'{0x00000000c5186660}: basic/module/PfeFichierCustomizer> (0x00000000c5186660) 
thrown [e:\jenkins\tmp\workspace\build\src\src\hotspot\share\classfile\systemDictionary.cpp, line 256]
Event: 20.770 Thread 0x000001f97346f150 Exception <a 'java/lang/ClassNotFoundException'{0x00000000c51ded80}: java/lang/ObjectCustomizer> (0x00000000c51ded80) 
thrown [e:\jenkins\tmp\workspace\build\src\src\hotspot\share\classfile\systemDictionary.cpp, line 256]
Event: 20.771 Thread 0x000001f97346f150 Exception <a 'java/lang/ClassNotFoundException'{0x00000000c51e58d8}: basic/module/GroupeCustomizer> (0x00000000c51e58d8) 
thrown [e:\jenkins\tmp\workspace\build\src\src\hotspot\share\classfile\systemDictionary.cpp, line 256]
Event: 20.792 Thread 0x000001f97346f150 Exception <a 'java/lang/ClassNotFoundException'{0x00000000c3a280e0}: java/lang/ObjectCustomizer> (0x00000000c3a280e0) 
thrown [e:\jenkins\tmp\workspace\build\src\src\hotspot\share\classfile\systemDictionary.cpp, line 256]
Event: 20.794 Thread 0x000001f97346f150 Exception <a 'java/lang/ClassNotFoundException'{0x00000000c3a2ed08}: basic/module/EtudiantCustomizer> (0x00000000c3a2ed08) 
thrown [e:\jenkins\tmp\workspace\build\src\src\hotspot\share\classfile\systemDictionary.cpp, line 256]
Event: 21.109 Thread 0x000001f97346f150 Exception <a 'java/lang/IncompatibleClassChangeError'{0x00000000c39fdb38}: Found class java.lang.Object, but interface was expected> (0x00000000c39fdb38) 
thrown [e:\jenkins\tmp\workspace\build\src\src\hotspot\share\interpreter\linkResolver.cpp, line 833]
Event: 21.273 Thread 0x000001f97346f150 Exception <a 'java/lang/reflect/InvocationTargetException'{0x00000000c5328cd8}> (0x00000000c5328cd8) 
thrown [e:\jenkins\tmp\workspace\build\src\src\hotspot\share\runtime\reflection.cpp, line 1121]
Event: 21.297 Thread 0x000001f97346f150 Exception <a 'java/lang/NoSuchMethodError'{0x00000000c539f270}: 'java.lang.Object java.lang.invoke.DirectMethodHandle$Holder.invokeStatic(java.lang.Object, java.lang.Object, int, java.lang.Object)'> (0x00000000c539f270) 
thrown [e:\jenkins\tmp\workspace\build\src\src\hotspot\share\interpreter\linkResolver.cpp, line 766]
Event: 21.298 Thread 0x000001f97346f150 Exception <a 'java/lang/NoSuchMethodError'{0x00000000c53a6778}: 'java.lang.Object java.lang.invoke.DirectMethodHandle$Holder.newInvokeSpecial(java.lang.Object, java.lang.Object, int)'> (0x00000000c53a6778) 
thrown [e:\jenkins\tmp\workspace\build\src\src\hotspot\share\interpreter\linkResolver.cpp, line 766]
Event: 21.306 Thread 0x000001f97346f150 Exception <a 'java/lang/IncompatibleClassChangeError'{0x00000000c53d3c98}: Found class java.lang.Object, but interface was expected> (0x00000000c53d3c98) 
thrown [e:\jenkins\tmp\workspace\build\src\src\hotspot\share\interpreter\linkResolver.cpp, line 833]

VM Operations (20 events):
Event: 19.839 Executing VM operation: HandshakeAllThreads
Event: 19.839 Executing VM operation: HandshakeAllThreads done
Event: 20.489 Executing VM operation: G1CollectForAllocation
Event: 20.494 Executing VM operation: G1CollectForAllocation done
Event: 20.559 Executing VM operation: G1Concurrent
Event: 20.563 Executing VM operation: G1Concurrent done
Event: 20.589 Executing VM operation: G1Concurrent
Event: 20.590 Executing VM operation: G1Concurrent done
Event: 21.188 Executing VM operation: G1CollectForAllocation
Event: 21.195 Executing VM operation: G1CollectForAllocation done
Event: 21.202 Executing VM operation: HandshakeAllThreads
Event: 21.202 Executing VM operation: HandshakeAllThreads done
Event: 21.203 Executing VM operation: HandshakeAllThreads
Event: 21.203 Executing VM operation: HandshakeAllThreads done
Event: 21.566 Executing VM operation: G1CollectForAllocation
Event: 21.572 Executing VM operation: G1CollectForAllocation done
Event: 21.643 Executing VM operation: G1Concurrent
Event: 21.649 Executing VM operation: G1Concurrent done
Event: 21.677 Executing VM operation: G1Concurrent
Event: 21.677 Executing VM operation: G1Concurrent done

Events (20 events):
Event: 21.236 loading class java/util/stream/ReduceOps$CountingSink done
Event: 21.236 loading class java/util/stream/ReduceOps$CountingSink$OfRef done
Event: 21.285 loading class java/lang/Character$UnicodeBlock
Event: 21.287 loading class java/lang/Character$Subset
Event: 21.287 loading class java/lang/Character$Subset done
Event: 21.287 loading class java/lang/Character$UnicodeBlock done
Event: 21.358 loading class java/util/regex/Pattern$LookBehindEndNode
Event: 21.358 loading class java/util/regex/Pattern$LookBehindEndNode done
Event: 21.358 loading class java/util/regex/Pattern$NotBehind
Event: 21.358 loading class java/util/regex/Pattern$NotBehind done
Event: 21.359 loading class java/util/regex/Pattern$Behind
Event: 21.359 loading class java/util/regex/Pattern$Behind done
Event: 21.359 loading class java/util/regex/Pattern$GroupCurly
Event: 21.359 loading class java/util/regex/Pattern$GroupCurly done
Event: 21.425 loading class javax/xml/datatype/DatatypeConfigurationException
Event: 21.454 loading class javax/xml/datatype/DatatypeConfigurationException done
Event: 21.465 loading class sun/misc/Unsafe
Event: 21.465 loading class sun/misc/Unsafe done
Event: 21.466 loading class jdk/internal/reflect/ConstantPool$Tag
Event: 21.466 loading class jdk/internal/reflect/ConstantPool$Tag done


Dynamic libraries:
0x00007ff6cc130000 - 0x00007ff6cc13e000 	C:\Users\user\Downloads\sts-4.14.0.RELEASE\plugins\org.eclipse.justj.openjdk.hotspot.jre.full.win32.x86_64_17.0.2.v20220201-1208\jre\bin\javaw.exe
0x00007ffd66950000 - 0x00007ffd66b45000 	C:\WINDOWS\SYSTEM32\ntdll.dll
0x00007ffd5ae00000 - 0x00007ffd5ae16000 	C:\Program Files\Avast Software\Avast\aswhook.dll
0x00007ffd667e0000 - 0x00007ffd6689e000 	C:\WINDOWS\System32\KERNEL32.DLL
0x00007ffd64460000 - 0x00007ffd64728000 	C:\WINDOWS\System32\KERNELBASE.dll
0x00007ffd64730000 - 0x00007ffd64830000 	C:\WINDOWS\System32\ucrtbase.dll
0x00007ffd584d0000 - 0x00007ffd584e8000 	C:\Users\user\Downloads\sts-4.14.0.RELEASE\plugins\org.eclipse.justj.openjdk.hotspot.jre.full.win32.x86_64_17.0.2.v20220201-1208\jre\bin\jli.dll
0x00007ffd64fb0000 - 0x00007ffd65150000 	C:\WINDOWS\System32\USER32.dll
0x00007ffd648c0000 - 0x00007ffd648e2000 	C:\WINDOWS\System32\win32u.dll
0x00007ffd66460000 - 0x00007ffd6648a000 	C:\WINDOWS\System32\GDI32.dll
0x00007ffd648f0000 - 0x00007ffd649fb000 	C:\WINDOWS\System32\gdi32full.dll
0x00007ffd64a00000 - 0x00007ffd64a9d000 	C:\WINDOWS\System32\msvcp_win.dll
0x00007ffd31350000 - 0x00007ffd31369000 	C:\Users\user\Downloads\sts-4.14.0.RELEASE\plugins\org.eclipse.justj.openjdk.hotspot.jre.full.win32.x86_64_17.0.2.v20220201-1208\jre\bin\VCRUNTIME140.dll
0x00007ffd40100000 - 0x00007ffd4039a000 	C:\WINDOWS\WinSxS\amd64_microsoft.windows.common-controls_6595b64144ccf1df_6.0.19041.1110_none_60b5254171f9507e\COMCTL32.dll
0x00007ffd66740000 - 0x00007ffd667de000 	C:\WINDOWS\System32\msvcrt.dll
0x00007ffd66260000 - 0x00007ffd66290000 	C:\WINDOWS\System32\IMM32.DLL
0x00007ffd32dc0000 - 0x00007ffd32dcc000 	C:\Users\user\Downloads\sts-4.14.0.RELEASE\plugins\org.eclipse.justj.openjdk.hotspot.jre.full.win32.x86_64_17.0.2.v20220201-1208\jre\bin\vcruntime140_1.dll
0x00007ffd22c90000 - 0x00007ffd22d21000 	C:\Users\user\Downloads\sts-4.14.0.RELEASE\plugins\org.eclipse.justj.openjdk.hotspot.jre.full.win32.x86_64_17.0.2.v20220201-1208\jre\bin\msvcp140.dll
0x00007ffcf3700000 - 0x00007ffcf4347000 	C:\Users\user\Downloads\sts-4.14.0.RELEASE\plugins\org.eclipse.justj.openjdk.hotspot.jre.full.win32.x86_64_17.0.2.v20220201-1208\jre\bin\server\jvm.dll
0x00007ffd64ed0000 - 0x00007ffd64f7e000 	C:\WINDOWS\System32\ADVAPI32.dll
0x00007ffd666a0000 - 0x00007ffd6673c000 	C:\WINDOWS\System32\sechost.dll
0x00007ffd66570000 - 0x00007ffd66695000 	C:\WINDOWS\System32\RPCRT4.dll
0x00007ffd64f80000 - 0x00007ffd64f88000 	C:\WINDOWS\System32\PSAPI.DLL
0x00007ffd52ff0000 - 0x00007ffd52ff9000 	C:\WINDOWS\SYSTEM32\WSOCK32.dll
0x00007ffd668a0000 - 0x00007ffd6690b000 	C:\WINDOWS\System32\WS2_32.dll
0x00007ffd37380000 - 0x00007ffd373a7000 	C:\WINDOWS\SYSTEM32\WINMM.dll
0x00007ffd5a380000 - 0x00007ffd5a38a000 	C:\WINDOWS\SYSTEM32\VERSION.dll
0x00007ffd62080000 - 0x00007ffd62092000 	C:\WINDOWS\SYSTEM32\kernel.appcore.dll
0x00007ffd58ea0000 - 0x00007ffd58eaa000 	C:\Users\user\Downloads\sts-4.14.0.RELEASE\plugins\org.eclipse.justj.openjdk.hotspot.jre.full.win32.x86_64_17.0.2.v20220201-1208\jre\bin\jimage.dll
0x00007ffd59f30000 - 0x00007ffd5a114000 	C:\WINDOWS\SYSTEM32\DBGHELP.DLL
0x00007ffd59e80000 - 0x00007ffd59eac000 	C:\WINDOWS\SYSTEM32\dbgcore.DLL
0x00007ffd64830000 - 0x00007ffd648b2000 	C:\WINDOWS\System32\bcryptPrimitives.dll
0x00007ffd584a0000 - 0x00007ffd584c5000 	C:\Users\user\Downloads\sts-4.14.0.RELEASE\plugins\org.eclipse.justj.openjdk.hotspot.jre.full.win32.x86_64_17.0.2.v20220201-1208\jre\bin\java.dll
0x00007ffd4c640000 - 0x00007ffd4c658000 	C:\Users\user\Downloads\sts-4.14.0.RELEASE\plugins\org.eclipse.justj.openjdk.hotspot.jre.full.win32.x86_64_17.0.2.v20220201-1208\jre\bin\zip.dll
0x00007ffd659e0000 - 0x00007ffd66124000 	C:\WINDOWS\System32\SHELL32.dll
0x00007ffd62280000 - 0x00007ffd62a14000 	C:\WINDOWS\SYSTEM32\windows.storage.dll
0x00007ffd64aa0000 - 0x00007ffd64df4000 	C:\WINDOWS\System32\combase.dll
0x00007ffd63bd0000 - 0x00007ffd63bfc000 	C:\WINDOWS\SYSTEM32\Wldp.dll
0x00007ffd66340000 - 0x00007ffd663ed000 	C:\WINDOWS\System32\SHCORE.dll
0x00007ffd65650000 - 0x00007ffd656a5000 	C:\WINDOWS\System32\shlwapi.dll
0x00007ffd640a0000 - 0x00007ffd640bf000 	C:\WINDOWS\SYSTEM32\profapi.dll
0x00007ffd4afc0000 - 0x00007ffd4afd9000 	C:\Users\user\Downloads\sts-4.14.0.RELEASE\plugins\org.eclipse.justj.openjdk.hotspot.jre.full.win32.x86_64_17.0.2.v20220201-1208\jre\bin\net.dll
0x00007ffd595b0000 - 0x00007ffd596ba000 	C:\WINDOWS\SYSTEM32\WINHTTP.dll
0x00007ffd63930000 - 0x00007ffd6399a000 	C:\WINDOWS\system32\mswsock.dll
0x00007ffd32dd0000 - 0x00007ffd32de5000 	C:\Users\user\Downloads\sts-4.14.0.RELEASE\plugins\org.eclipse.justj.openjdk.hotspot.jre.full.win32.x86_64_17.0.2.v20220201-1208\jre\bin\nio.dll
0x00007ffd4ac60000 - 0x00007ffd4ac70000 	C:\Users\user\Downloads\sts-4.14.0.RELEASE\plugins\org.eclipse.justj.openjdk.hotspot.jre.full.win32.x86_64_17.0.2.v20220201-1208\jre\bin\verify.dll
0x00007ffd5cd90000 - 0x00007ffd5cd99000 	C:\Users\user\Downloads\sts-4.14.0.RELEASE\plugins\org.eclipse.justj.openjdk.hotspot.jre.full.win32.x86_64_17.0.2.v20220201-1208\jre\bin\management.dll
0x00007ffd5cd40000 - 0x00007ffd5cd4b000 	C:\Users\user\Downloads\sts-4.14.0.RELEASE\plugins\org.eclipse.justj.openjdk.hotspot.jre.full.win32.x86_64_17.0.2.v20220201-1208\jre\bin\management_ext.dll
0x00007ffd4da50000 - 0x00007ffd4da67000 	C:\WINDOWS\system32\napinsp.dll
0x00007ffd4da30000 - 0x00007ffd4da4b000 	C:\WINDOWS\system32\pnrpnsp.dll
0x00007ffd4da10000 - 0x00007ffd4da25000 	C:\WINDOWS\system32\wshbth.dll
0x00007ffd5ccd0000 - 0x00007ffd5cced000 	C:\WINDOWS\system32\NLAapi.dll
0x00007ffd635d0000 - 0x00007ffd6360b000 	C:\WINDOWS\SYSTEM32\IPHLPAPI.DLL
0x00007ffd63610000 - 0x00007ffd636db000 	C:\WINDOWS\SYSTEM32\DNSAPI.dll
0x00007ffd663f0000 - 0x00007ffd663f8000 	C:\WINDOWS\System32\NSI.dll
0x00007ffd4d9f0000 - 0x00007ffd4da02000 	C:\WINDOWS\System32\winrnr.dll
0x00007ffd53960000 - 0x00007ffd5396a000 	C:\Windows\System32\rasadhlp.dll
0x00007ffd53ad0000 - 0x00007ffd53b4f000 	C:\WINDOWS\System32\fwpuclnt.dll
0x00007ffd64210000 - 0x00007ffd64237000 	C:\WINDOWS\System32\bcrypt.dll
0x00007ffd63b20000 - 0x00007ffd63b38000 	C:\WINDOWS\SYSTEM32\CRYPTSP.dll
0x00007ffd63240000 - 0x00007ffd63274000 	C:\WINDOWS\system32\rsaenh.dll
0x00007ffd64020000 - 0x00007ffd6404e000 	C:\WINDOWS\SYSTEM32\USERENV.dll
0x00007ffd63b40000 - 0x00007ffd63b4c000 	C:\WINDOWS\SYSTEM32\CRYPTBASE.dll
0x00007ffd58b20000 - 0x00007ffd58b37000 	C:\WINDOWS\SYSTEM32\dhcpcsvc6.DLL
0x00007ffd59c30000 - 0x00007ffd59c4d000 	C:\WINDOWS\SYSTEM32\dhcpcsvc.DLL
0x00007ffd4c7b0000 - 0x00007ffd4c7be000 	C:\Users\user\Downloads\sts-4.14.0.RELEASE\plugins\org.eclipse.justj.openjdk.hotspot.jre.full.win32.x86_64_17.0.2.v20220201-1208\jre\bin\sunmscapi.dll
0x00007ffd64240000 - 0x00007ffd64396000 	C:\WINDOWS\System32\CRYPT32.dll
0x00007ffd63c40000 - 0x00007ffd63c67000 	C:\WINDOWS\SYSTEM32\ncrypt.dll
0x00007ffd63c00000 - 0x00007ffd63c3b000 	C:\WINDOWS\SYSTEM32\NTASN1.dll

dbghelp: loaded successfully - version: 4.0.5 - missing functions: none
symbol engine: initialized successfully - sym options: 0x614 - pdb path: .;C:\Users\user\Downloads\sts-4.14.0.RELEASE\plugins\org.eclipse.justj.openjdk.hotspot.jre.full.win32.x86_64_17.0.2.v20220201-1208\jre\bin;C:\WINDOWS\SYSTEM32;C:\Program Files\Avast Software\Avast;C:\WINDOWS\WinSxS\amd64_microsoft.windows.common-controls_6595b64144ccf1df_6.0.19041.1110_none_60b5254171f9507e;C:\Users\user\Downloads\sts-4.14.0.RELEASE\plugins\org.eclipse.justj.openjdk.hotspot.jre.full.win32.x86_64_17.0.2.v20220201-1208\jre\bin\server

VM Arguments:
jvm_args: -Dfile.encoding=UTF-8 -XX:+ShowCodeDetailsInExceptionMessages 
java_command: basic.ProjetspringgApplication
java_class_path (initial): C:\Users\user\Desktop\spring boot tools\PROJETSPRINGG\target\classes;C:\Users\user\.m2\repository\org\springframework\boot\spring-boot-starter-data-jpa\2.6.7\spring-boot-starter-data-jpa-2.6.7.jar;C:\Users\user\.m2\repository\org\springframework\boot\spring-boot-starter-aop\2.6.7\spring-boot-starter-aop-2.6.7.jar;C:\Users\user\.m2\repository\org\springframework\spring-aop\5.3.19\spring-aop-5.3.19.jar;C:\Users\user\.m2\repository\org\aspectj\aspectjweaver\1.9.7\aspectjweaver-1.9.7.jar;C:\Users\user\.m2\repository\org\springframework\boot\spring-boot-starter-jdbc\2.6.7\spring-boot-starter-jdbc-2.6.7.jar;C:\Users\user\.m2\repository\com\zaxxer\HikariCP\4.0.3\HikariCP-4.0.3.jar;C:\Users\user\.m2\repository\org\springframework\spring-jdbc\5.3.19\spring-jdbc-5.3.19.jar;C:\Users\user\.m2\repository\jakarta\transaction\jakarta.transaction-api\1.3.3\jakarta.transaction-api-1.3.3.jar;C:\Users\user\.m2\repository\jakarta\persistence\jakarta.persistence-api\2.2.3\jakarta.persistence-api-2.2.3.jar;C:\Users\user\.m2\repository\org\hibernate\hibernate-core\5.6.8.Final\hibernate-core-5.6.8.Final.jar;C:\Users\user\.m2\repository\org\jboss\logging\jboss-logging\3.4.3.Final\jboss-logging-3.4.3.Final.jar;C:\Users\user\.m2\repository\net\bytebuddy\byte-buddy\1.11.22\byte-buddy-1.11.22.jar;C:\Users\user\.m2\repository\antlr\antlr\2.7.7\antlr-2.7.7.jar;C:\Users\user\.m2\repository\org\jboss\jandex\2.4.2.Final\jandex-2.4.2.Final.jar;C:\Users\user\.m2\repository\com\fasterxml\classmate\1.5.1\classmate-1.5.1.jar;C:\Users\user\.m2\repository\org\hibernate\common\hibernate-commons-annotations\5.1.2.Final\hibernate-commons-annotations-5.1.2.Final.jar;C:\Users\user\.m2\repository\org\glassfish\jaxb\jaxb-runtime\2.3.6\jaxb-runtime-2.3.6.jar;C:\Users\user\.m2\repository\org\glassfish\jaxb\txw2\2.3.6\txw2-2.3.6.jar;C:\Users\user\.m2\repository\com\sun\istack\istack-commons-runtime\3.0.12\istack-commons-runtime-3.0.12.jar;C:\Users\user\.m2\repository\org\springframework\
Launcher Type: SUN_STANDARD

[Global flags]
     intx CICompilerCount                          = 3                                         {product} {ergonomic}
     uint ConcGCThreads                            = 1                                         {product} {ergonomic}
     uint G1ConcRefinementThreads                  = 4                                         {product} {ergonomic}
   size_t G1HeapRegionSize                         = 1048576                                   {product} {ergonomic}
    uintx GCDrainStackTargetSize                   = 64                                        {product} {ergonomic}
   size_t InitialHeapSize                          = 67108864                                  {product} {ergonomic}
   size_t MarkStackSize                            = 4194304                                   {product} {ergonomic}
   size_t MaxHeapSize                              = 1048576000                                {product} {ergonomic}
   size_t MaxNewSize                               = 629145600                                 {product} {ergonomic}
   size_t MinHeapDeltaBytes                        = 1048576                                   {product} {ergonomic}
   size_t MinHeapSize                              = 8388608                                   {product} {ergonomic}
    uintx NonNMethodCodeHeapSize                   = 5832780                                {pd product} {ergonomic}
    uintx NonProfiledCodeHeapSize                  = 122912730                              {pd product} {ergonomic}
    uintx ProfiledCodeHeapSize                     = 122912730                              {pd product} {ergonomic}
    uintx ReservedCodeCacheSize                    = 251658240                              {pd product} {ergonomic}
     bool SegmentedCodeCache                       = true                                      {product} {ergonomic}
     bool ShowCodeDetailsInExceptionMessages       = true                                   {manageable} {command line}
   size_t SoftMaxHeapSize                          = 1048576000                             {manageable} {ergonomic}
     bool UseCompressedClassPointers               = true                           {product lp64_product} {ergonomic}
     bool UseCompressedOops                        = true                           {product lp64_product} {ergonomic}
     bool UseG1GC                                  = true                                      {product} {ergonomic}
     bool UseLargePagesIndividualAllocation        = false                                  {pd product} {ergonomic}

Logging:
Log output configuration:
 #0: stdout all=warning uptime,level,tags
 #1: stderr all=off uptime,level,tags

Environment Variables:
JAVA_HOME=C:\Program Files (x86)\Java\jre1.8.0_311
PATH=C:/Users/user/Downloads/sts-4.14.0.RELEASE//plugins/org.eclipse.justj.openjdk.hotspot.jre.full.win32.x86_64_17.0.2.v20220201-1208/jre/bin/server;C:/Users/user/Downloads/sts-4.14.0.RELEASE//plugins/org.eclipse.justj.openjdk.hotspot.jre.full.win32.x86_64_17.0.2.v20220201-1208/jre/bin;C:\oracle\WINDOWS.X64_193000_db_home\bin;C:\Program Files\Common Files\Oracle\Java\javapath;C:\Program Files (x86)\Common Files\Oracle\Java\javapath;C:\WINDOWS\system32;C:\WINDOWS;C:\WINDOWS\System32\Wbem;C:\WINDOWS\System32\WindowsPowerShell\v1.0\;C:\Program Files\Git\cmd;C:\Program Files\Microsoft SQL Server\Client SDK\ODBC\130\Tools\Binn\;C:\Program Files (x86)\Microsoft SQL Server\140\Tools\Binn\;C:\Program Files\Microsoft SQL Server\140\Tools\Binn\;C:\Program Files\Microsoft SQL Server\140\DTS\Binn\;C:\Program Files (x86)\Microsoft SQL Server\Client SDK\ODBC\130\Tools\Binn\;C:\Program Files (x86)\Microsoft SQL Server\130\Tools\Binn\;C:\Program Files (x86)\Microsoft SQL Server\130\DTS\Binn\;C:\Program Files (x86)\Microsoft SQL Server\130\Tools\Binn\ManagementStudio\;C:\Program Files\Microsoft SQL Server\130\Tools\Binn\;C:\WINDOWS\System32\OpenSSH\;C:\Program Files\dotnet\;C:\Program Files\Microsoft SQL Server\Client SDK\ODBC\170\Tools\Binn\;C:\Program Files\Microsoft SQL Server\150\Tools\Binn\;C:\Users\user\Desktop\apprendre la programation\html and css\node js\;C:\Users\user\AppData\Local\Programs\Microsoft VS Code\bin;C:\Users\user\AppData\Local\Microsoft\WindowsApps;C:\Users\user\.dotnet\tools;C:\Users\user\AppData\Roaming\npm;C:\maven\apache-maven-3.8.5\bin;C:\Users\user\AppData\Local\GitHubDesktop\bin;C:\Users\user\Downloads\sts-4.14.0.RELEASE;
USERNAME=user
OS=Windows_NT
PROCESSOR_IDENTIFIER=Intel64 Family 6 Model 69 Stepping 1, GenuineIntel



---------------  S Y S T E M  ---------------

OS:
 Windows 10 , 64 bit Build 19041 (10.0.19041.1645)
OS uptime: 0 days 2:55 hours

CPU: total 4 (initial active 4) (2 cores per cpu, 2 threads per core) family 6 model 69 stepping 1 microcode 0x25, cx8, cmov, fxsr, ht, mmx, sse, sse2, sse3, ssse3, sse4.1, sse4.2, popcnt, lzcnt, tsc, tscinvbit, avx, avx2, aes, erms, clmul, bmi1, bmi2, fma, vzeroupper, clflush

Memory: 4k page, system-wide physical 3993M (348M free)
TotalPageFile size 14827M (AvailPageFile size 5M)
current process WorkingSet (physical memory assigned to process): 192M, peak: 194M
current process commit charge ("private bytes"): 216M, peak: 218M

vm_info: OpenJDK 64-Bit Server VM (17.0.2+8) for windows-amd64 JRE (17.0.2+8), built on Jan 20 2022 04:52:34 by "" with MS VC++ 16.7 (VS2019)

END.
